c:\users\ricardo\desktop\basic-intel - copy\basic-intel\temp_4148.0
c:\users\ricardo\desktop\basic-intel - copy\basic-intel\outfile-child-of-4148.0
c:\users\ricardo\desktop\basic-intel - copy\basic-intel\errfile-child-of-4148.0
c:\users\ricardo\desktop\mkl-omp-vector code\multi-sample-mkl-vector-vtune\basic-intel\temp_12636.0
c:\users\ricardo\desktop\mkl-omp-vector code\multi-sample-mkl-vector-vtune\basic-intel\outfile-child-of-12636.0
c:\users\ricardo\desktop\mkl-omp-vector code\multi-sample-mkl-vector-vtune\basic-intel\errfile-child-of-12636.0
c:\users\ricardo\desktop\mkl-omp-vector code\multi-sample-mkl-vector-vtune\basic-intel\temp_12636.1
c:\users\ricardo\desktop\mkl-omp-vector code\multi-sample-mkl-vector-vtune\basic-intel\outfile-child-of-12636.1
c:\users\ricardo\desktop\mkl-omp-vector code\multi-sample-mkl-vector-vtune\basic-intel\errfile-child-of-12636.1
c:\users\ricardo\desktop\mkl-omp-vector code\multi-sample-mkl-vector-vtune\basic-intel\temp_12636.2
c:\users\ricardo\desktop\mkl-omp-vector code\multi-sample-mkl-vector-vtune\basic-intel\outfile-child-of-12636.2
c:\users\ricardo\desktop\mkl-omp-vector code\multi-sample-mkl-vector-vtune\basic-intel\errfile-child-of-12636.2
c:\users\ricardo\desktop\mkl-omp-vector code\multi-sample-mkl-vector-vtune\basic-intel\temp_12636.3
c:\users\ricardo\desktop\mkl-omp-vector code\multi-sample-mkl-vector-vtune\basic-intel\outfile-child-of-12636.3
c:\users\ricardo\desktop\mkl-omp-vector code\multi-sample-mkl-vector-vtune\basic-intel\errfile-child-of-12636.3
c:\users\ricardo\desktop\mkl-omp-vector code\multi-sample-mkl-vector-vtune\basic-intel\temp_12636.4
c:\users\ricardo\desktop\mkl-omp-vector code\multi-sample-mkl-vector-vtune\basic-intel\outfile-child-of-12636.4
c:\users\ricardo\desktop\mkl-omp-vector code\multi-sample-mkl-vector-vtune\basic-intel\errfile-child-of-12636.4
c:\users\ricardo\desktop\mkl-omp-vector code\multi-sample-mkl-vector-vtune\basic-intel\temp_12636.5
c:\users\ricardo\desktop\mkl-omp-vector code\multi-sample-mkl-vector-vtune\basic-intel\outfile-child-of-12636.5
c:\users\ricardo\desktop\mkl-omp-vector code\multi-sample-mkl-vector-vtune\basic-intel\errfile-child-of-12636.5
c:\users\ricardo\desktop\mkl-omp-vector code\multi-sample-mkl-vector-vtune\basic-intel\temp_3104.0
c:\users\ricardo\desktop\mkl-omp-vector code\multi-sample-mkl-vector-vtune\basic-intel\outfile-child-of-3104.0
c:\users\ricardo\desktop\mkl-omp-vector code\multi-sample-mkl-vector-vtune\basic-intel\errfile-child-of-3104.0
c:\users\ricardo\desktop\mkl-omp-vector code\multi-sample-mkl-vector-vtune\basic-intel\temp_3104.1
c:\users\ricardo\desktop\mkl-omp-vector code\multi-sample-mkl-vector-vtune\basic-intel\outfile-child-of-3104.1
c:\users\ricardo\desktop\mkl-omp-vector code\multi-sample-mkl-vector-vtune\basic-intel\errfile-child-of-3104.1
c:\users\ricardo\desktop\mkl-omp-vector code\multi-sample-mkl-vector-vtune\basic-intel\temp_3104.2
c:\users\ricardo\desktop\mkl-omp-vector code\multi-sample-mkl-vector-vtune\basic-intel\outfile-child-of-3104.2
c:\users\ricardo\desktop\mkl-omp-vector code\multi-sample-mkl-vector-vtune\basic-intel\errfile-child-of-3104.2
c:\users\ricardo\desktop\mkl-omp-vector code\multi-sample-mkl-vector-vtune\basic-intel\temp_3104.3
c:\users\ricardo\desktop\mkl-omp-vector code\multi-sample-mkl-vector-vtune\basic-intel\outfile-child-of-3104.3
c:\users\ricardo\desktop\mkl-omp-vector code\multi-sample-mkl-vector-vtune\basic-intel\errfile-child-of-3104.3
c:\users\ricardo\desktop\mkl-omp-vector code\multi-sample-mkl-vector-vtune\basic-intel\temp_3104.4
c:\users\ricardo\desktop\mkl-omp-vector code\multi-sample-mkl-vector-vtune\basic-intel\outfile-child-of-3104.4
c:\users\ricardo\desktop\mkl-omp-vector code\multi-sample-mkl-vector-vtune\basic-intel\errfile-child-of-3104.4
c:\users\ricardo\desktop\mkl-omp-vector code\multi-sample-mkl-vector-vtune\basic-intel\temp_3104.5
c:\users\ricardo\desktop\mkl-omp-vector code\multi-sample-mkl-vector-vtune\basic-intel\outfile-child-of-3104.5
c:\users\ricardo\desktop\mkl-omp-vector code\multi-sample-mkl-vector-vtune\basic-intel\errfile-child-of-3104.5
c:\users\ricardo\desktop\basic-intel - copy\basic-intel\x64\release\simplemcmain1_threaded-vector.obj
c:\users\ricardo\desktop\basic-intel - copy\basic-intel\x64\release\simplemcmain1_threaded_3_best.obj
c:\users\ricardo\desktop\basic-intel - copy\basic-intel\x64\release\simplemcmain1_threaded_1.obj
c:\users\ricardo\desktop\basic-intel - copy\basic-intel\x64\release\simplemcmain1_mixedvector_1.obj
c:\users\ricardo\desktop\basic-intel - copy\basic-intel\x64\release\simplemcmain1_threaded_2.obj
c:\users\ricardo\desktop\basic-intel - copy\basic-intel\x64\release\simplemcmain1_decoupled.obj
c:\users\ricardo\desktop\basic-intel - copy\basic-intel\x64\release\simplemcmain1_mkl.obj
c:\users\ricardo\desktop\basic-intel - copy\basic-intel\x64\release\simplemcmain1_purevector_1.obj
c:\users\ricardo\desktop\basic-intel - copy\basic-intel\x64\release\random1.obj
c:\users\ricardo\desktop\basic-intel - copy\basic-intel\x64\release\simplemcmain1.obj
c:\users\ricardo\desktop\mkl-omp-vector code\multi-sample-mkl-vector-vtune\basic-intel\x64\release\simplemcmain1_threaded-vector.obj
c:\users\ricardo\desktop\mkl-omp-vector code\multi-sample-mkl-vector-vtune\basic-intel\x64\release\simplemcmain1_decoupled.obj
c:\users\ricardo\desktop\mkl-omp-vector code\multi-sample-mkl-vector-vtune\basic-intel\x64\release\simplemcmain1_threaded_3_best.obj
c:\users\ricardo\desktop\mkl-omp-vector code\multi-sample-mkl-vector-vtune\basic-intel\x64\release\simplemcmain1_mkl.obj
c:\users\ricardo\desktop\mkl-omp-vector code\multi-sample-mkl-vector-vtune\basic-intel\x64\release\simplemcmain1_purevector_1.obj
c:\users\ricardo\desktop\mkl-omp-vector code\multi-sample-mkl-vector-vtune\basic-intel\x64\release\simplemcmain1_threaded_1.obj
c:\users\ricardo\desktop\mkl-omp-vector code\multi-sample-mkl-vector-vtune\basic-intel\x64\release\simplemcmain1_mixedvector_1.obj
c:\users\ricardo\desktop\mkl-omp-vector code\multi-sample-mkl-vector-vtune\basic-intel\x64\release\simplemcmain1_threaded_2.obj
c:\users\ricardo\desktop\mkl-omp-vector code\multi-sample-mkl-vector-vtune\basic-intel\x64\release\simplemcmain1.obj
c:\users\ricardo\desktop\mkl-omp-vector code\multi-sample-mkl-vector-vtune\basic-intel\x64\release\random1.obj
c:\users\ricardo\appdata\local\temp\lnk{8b6858a7-9d7a-4a47-9e58-00b3a159d81c}.tmp
c:\users\ricardo\appdata\local\temp\lnk{882139b8-8437-4893-a866-0c49e8fff83d}.tmp
c:\users\ricardo\appdata\local\temp\lnk{b25a3478-8fab-449d-bbd9-bcff80c9860e}.tmp
c:\users\ricardo\appdata\local\temp\lnk{789f33de-4b8a-4f06-89bf-b17a993a5ab4}.tmp
c:\users\ricardo\appdata\local\temp\lnk{f70ae4ac-cf9f-47b5-a5d8-5fd357d727dc}.tmp
c:\users\ricardo\appdata\local\temp\lnk{e85386a7-5a6c-47e0-8bc5-5e34e4d94ce5}.tmp
c:\users\ricardo\appdata\local\temp\lnk{d03aa0e2-7bf5-408d-bfb7-6609340a5c37}.tmp
c:\users\ricardo\appdata\local\temp\lnk{d47f224a-3421-467f-b4f6-3ff982dd3d4a}.tmp
c:\users\ricardo\appdata\local\temp\lnk{f531a945-174e-40e5-a42c-ac76f0ea210e}.tmp
c:\users\ricardo\appdata\local\temp\lnk{d6ef8d8d-65f7-4fab-9e32-f050a242b776}.tmp
c:\users\ricardo\appdata\local\temp\lnk{ae81f8f7-cbc3-451c-95ef-5f5dad507b1f}.tmp
c:\users\ricardo\appdata\local\temp\lnk{93b5453b-b40b-40d4-a7b8-c899409fd6cc}.tmp
c:\users\ricardo\desktop\basic-intel - copy\x64\release\basic-intel.exe
c:\users\ricardo\desktop\basic-intel - copy\x64\release\basic-intel.pdb
c:\users\ricardo\desktop\mkl-omp-vector code\multi-sample-mkl-vector-vtune\x64\release\basic-intel.exe
c:\users\ricardo\desktop\mkl-omp-vector code\multi-sample-mkl-vector-vtune\x64\release\basic-intel.pdb
c:\users\ricardo\desktop\mkl-omp-vector code\multi-sample-mkl-vector-vtune\basic-intel\x64\release\basic-intel.tlog\icl-mcpcom.10436.read.1.tlog
c:\users\ricardo\desktop\mkl-omp-vector code\multi-sample-mkl-vector-vtune\basic-intel\x64\release\basic-intel.tlog\icl-mcpcom.10436.write.1.tlog
c:\users\ricardo\desktop\mkl-omp-vector code\multi-sample-mkl-vector-vtune\basic-intel\x64\release\basic-intel.tlog\icl-mcpcom.1084.read.1.tlog
c:\users\ricardo\desktop\mkl-omp-vector code\multi-sample-mkl-vector-vtune\basic-intel\x64\release\basic-intel.tlog\icl-mcpcom.1084.write.1.tlog
c:\users\ricardo\desktop\mkl-omp-vector code\multi-sample-mkl-vector-vtune\basic-intel\x64\release\basic-intel.tlog\icl-mcpcom.12528.read.1.tlog
c:\users\ricardo\desktop\mkl-omp-vector code\multi-sample-mkl-vector-vtune\basic-intel\x64\release\basic-intel.tlog\icl-mcpcom.12528.write.1.tlog
c:\users\ricardo\desktop\mkl-omp-vector code\multi-sample-mkl-vector-vtune\basic-intel\x64\release\basic-intel.tlog\icl-mcpcom.1284.read.1.tlog
c:\users\ricardo\desktop\mkl-omp-vector code\multi-sample-mkl-vector-vtune\basic-intel\x64\release\basic-intel.tlog\icl-mcpcom.1284.write.1.tlog
c:\users\ricardo\desktop\mkl-omp-vector code\multi-sample-mkl-vector-vtune\basic-intel\x64\release\basic-intel.tlog\icl-mcpcom.12860.read.1.tlog
c:\users\ricardo\desktop\mkl-omp-vector code\multi-sample-mkl-vector-vtune\basic-intel\x64\release\basic-intel.tlog\icl-mcpcom.12860.write.1.tlog
c:\users\ricardo\desktop\mkl-omp-vector code\multi-sample-mkl-vector-vtune\basic-intel\x64\release\basic-intel.tlog\icl-mcpcom.13212.read.1.tlog
c:\users\ricardo\desktop\mkl-omp-vector code\multi-sample-mkl-vector-vtune\basic-intel\x64\release\basic-intel.tlog\icl-mcpcom.13212.write.1.tlog
c:\users\ricardo\desktop\mkl-omp-vector code\multi-sample-mkl-vector-vtune\basic-intel\x64\release\basic-intel.tlog\icl-mcpcom.13224.read.1.tlog
c:\users\ricardo\desktop\mkl-omp-vector code\multi-sample-mkl-vector-vtune\basic-intel\x64\release\basic-intel.tlog\icl-mcpcom.13224.write.1.tlog
c:\users\ricardo\desktop\mkl-omp-vector code\multi-sample-mkl-vector-vtune\basic-intel\x64\release\basic-intel.tlog\icl-mcpcom.14196.read.1.tlog
c:\users\ricardo\desktop\mkl-omp-vector code\multi-sample-mkl-vector-vtune\basic-intel\x64\release\basic-intel.tlog\icl-mcpcom.14196.write.1.tlog
c:\users\ricardo\desktop\mkl-omp-vector code\multi-sample-mkl-vector-vtune\basic-intel\x64\release\basic-intel.tlog\icl-mcpcom.14244.read.1.tlog
c:\users\ricardo\desktop\mkl-omp-vector code\multi-sample-mkl-vector-vtune\basic-intel\x64\release\basic-intel.tlog\icl-mcpcom.14244.write.1.tlog
c:\users\ricardo\desktop\mkl-omp-vector code\multi-sample-mkl-vector-vtune\basic-intel\x64\release\basic-intel.tlog\icl-mcpcom.14372.read.1.tlog
c:\users\ricardo\desktop\mkl-omp-vector code\multi-sample-mkl-vector-vtune\basic-intel\x64\release\basic-intel.tlog\icl-mcpcom.14372.write.1.tlog
c:\users\ricardo\desktop\mkl-omp-vector code\multi-sample-mkl-vector-vtune\basic-intel\x64\release\basic-intel.tlog\icl-mcpcom.14976.read.1.tlog
c:\users\ricardo\desktop\mkl-omp-vector code\multi-sample-mkl-vector-vtune\basic-intel\x64\release\basic-intel.tlog\icl-mcpcom.14976.write.1.tlog
c:\users\ricardo\desktop\mkl-omp-vector code\multi-sample-mkl-vector-vtune\basic-intel\x64\release\basic-intel.tlog\icl-mcpcom.15448.read.1.tlog
c:\users\ricardo\desktop\mkl-omp-vector code\multi-sample-mkl-vector-vtune\basic-intel\x64\release\basic-intel.tlog\icl-mcpcom.15448.write.1.tlog
c:\users\ricardo\desktop\mkl-omp-vector code\multi-sample-mkl-vector-vtune\basic-intel\x64\release\basic-intel.tlog\icl-mcpcom.15844.read.1.tlog
c:\users\ricardo\desktop\mkl-omp-vector code\multi-sample-mkl-vector-vtune\basic-intel\x64\release\basic-intel.tlog\icl-mcpcom.15844.write.1.tlog
c:\users\ricardo\desktop\mkl-omp-vector code\multi-sample-mkl-vector-vtune\basic-intel\x64\release\basic-intel.tlog\icl-mcpcom.16352.read.1.tlog
c:\users\ricardo\desktop\mkl-omp-vector code\multi-sample-mkl-vector-vtune\basic-intel\x64\release\basic-intel.tlog\icl-mcpcom.16352.write.1.tlog
c:\users\ricardo\desktop\mkl-omp-vector code\multi-sample-mkl-vector-vtune\basic-intel\x64\release\basic-intel.tlog\icl-mcpcom.16372.read.1.tlog
c:\users\ricardo\desktop\mkl-omp-vector code\multi-sample-mkl-vector-vtune\basic-intel\x64\release\basic-intel.tlog\icl-mcpcom.16372.write.1.tlog
c:\users\ricardo\desktop\mkl-omp-vector code\multi-sample-mkl-vector-vtune\basic-intel\x64\release\basic-intel.tlog\icl-mcpcom.3628.read.1.tlog
c:\users\ricardo\desktop\mkl-omp-vector code\multi-sample-mkl-vector-vtune\basic-intel\x64\release\basic-intel.tlog\icl-mcpcom.3628.write.1.tlog
c:\users\ricardo\desktop\mkl-omp-vector code\multi-sample-mkl-vector-vtune\basic-intel\x64\release\basic-intel.tlog\icl-mcpcom.4160.read.1.tlog
c:\users\ricardo\desktop\mkl-omp-vector code\multi-sample-mkl-vector-vtune\basic-intel\x64\release\basic-intel.tlog\icl-mcpcom.4160.write.1.tlog
c:\users\ricardo\desktop\mkl-omp-vector code\multi-sample-mkl-vector-vtune\basic-intel\x64\release\basic-intel.tlog\icl-mcpcom.4700.read.1.tlog
c:\users\ricardo\desktop\mkl-omp-vector code\multi-sample-mkl-vector-vtune\basic-intel\x64\release\basic-intel.tlog\icl-mcpcom.4700.write.1.tlog
c:\users\ricardo\desktop\mkl-omp-vector code\multi-sample-mkl-vector-vtune\basic-intel\x64\release\basic-intel.tlog\icl-mcpcom.4904.read.1.tlog
c:\users\ricardo\desktop\mkl-omp-vector code\multi-sample-mkl-vector-vtune\basic-intel\x64\release\basic-intel.tlog\icl-mcpcom.4904.write.1.tlog
c:\users\ricardo\desktop\mkl-omp-vector code\multi-sample-mkl-vector-vtune\basic-intel\x64\release\basic-intel.tlog\icl-mcpcom.5000.read.1.tlog
c:\users\ricardo\desktop\mkl-omp-vector code\multi-sample-mkl-vector-vtune\basic-intel\x64\release\basic-intel.tlog\icl-mcpcom.5000.write.1.tlog
c:\users\ricardo\desktop\mkl-omp-vector code\multi-sample-mkl-vector-vtune\basic-intel\x64\release\basic-intel.tlog\icl-mcpcom.5880.read.1.tlog
c:\users\ricardo\desktop\mkl-omp-vector code\multi-sample-mkl-vector-vtune\basic-intel\x64\release\basic-intel.tlog\icl-mcpcom.5880.write.1.tlog
c:\users\ricardo\desktop\mkl-omp-vector code\multi-sample-mkl-vector-vtune\basic-intel\x64\release\basic-intel.tlog\icl-mcpcom.6428.read.1.tlog
c:\users\ricardo\desktop\mkl-omp-vector code\multi-sample-mkl-vector-vtune\basic-intel\x64\release\basic-intel.tlog\icl-mcpcom.6428.write.1.tlog
c:\users\ricardo\desktop\mkl-omp-vector code\multi-sample-mkl-vector-vtune\basic-intel\x64\release\basic-intel.tlog\icl-mcpcom.8744.read.1.tlog
c:\users\ricardo\desktop\mkl-omp-vector code\multi-sample-mkl-vector-vtune\basic-intel\x64\release\basic-intel.tlog\icl-mcpcom.8744.write.1.tlog
c:\users\ricardo\desktop\mkl-omp-vector code\multi-sample-mkl-vector-vtune\basic-intel\x64\release\basic-intel.tlog\icl-mcpcom.8796.read.1.tlog
c:\users\ricardo\desktop\mkl-omp-vector code\multi-sample-mkl-vector-vtune\basic-intel\x64\release\basic-intel.tlog\icl-mcpcom.8796.write.1.tlog
c:\users\ricardo\desktop\mkl-omp-vector code\multi-sample-mkl-vector-vtune\basic-intel\x64\release\basic-intel.tlog\icl-mcpcom.read.1.tlog
c:\users\ricardo\desktop\mkl-omp-vector code\multi-sample-mkl-vector-vtune\basic-intel\x64\release\basic-intel.tlog\icl-mcpcom.write.1.tlog
c:\users\ricardo\desktop\mkl-omp-vector code\multi-sample-mkl-vector-vtune\basic-intel\x64\release\basic-intel.tlog\icl-mcpcom.write.2.tlog
c:\users\ricardo\desktop\mkl-omp-vector code\multi-sample-mkl-vector-vtune\basic-intel\x64\release\basic-intel.tlog\icl.command.1.tlog
c:\users\ricardo\desktop\mkl-omp-vector code\multi-sample-mkl-vector-vtune\basic-intel\x64\release\basic-intel.tlog\icl.read.1.tlog
c:\users\ricardo\desktop\mkl-omp-vector code\multi-sample-mkl-vector-vtune\basic-intel\x64\release\basic-intel.tlog\icl.write.1.tlog
c:\users\ricardo\desktop\mkl-omp-vector code\multi-sample-mkl-vector-vtune\basic-intel\x64\release\basic-intel.tlog\xilink-link-cvtres.read.1.tlog
c:\users\ricardo\desktop\mkl-omp-vector code\multi-sample-mkl-vector-vtune\basic-intel\x64\release\basic-intel.tlog\xilink-link-cvtres.write.1.tlog
c:\users\ricardo\desktop\mkl-omp-vector code\multi-sample-mkl-vector-vtune\basic-intel\x64\release\basic-intel.tlog\xilink-link-rc.read.1.tlog
c:\users\ricardo\desktop\mkl-omp-vector code\multi-sample-mkl-vector-vtune\basic-intel\x64\release\basic-intel.tlog\xilink-link-rc.write.1.tlog
c:\users\ricardo\desktop\mkl-omp-vector code\multi-sample-mkl-vector-vtune\basic-intel\x64\release\basic-intel.tlog\xilink-link.read.1.tlog
c:\users\ricardo\desktop\mkl-omp-vector code\multi-sample-mkl-vector-vtune\basic-intel\x64\release\basic-intel.tlog\xilink-link.write.1.tlog
c:\users\ricardo\desktop\mkl-omp-vector code\multi-sample-mkl-vector-vtune\basic-intel\x64\release\basic-intel.tlog\xilink-mcpcom.read.1.tlog
c:\users\ricardo\desktop\mkl-omp-vector code\multi-sample-mkl-vector-vtune\basic-intel\x64\release\basic-intel.tlog\xilink-mcpcom.write.1.tlog
c:\users\ricardo\desktop\mkl-omp-vector code\multi-sample-mkl-vector-vtune\basic-intel\x64\release\basic-intel.tlog\xilink.command.1.tlog
c:\users\ricardo\desktop\mkl-omp-vector code\multi-sample-mkl-vector-vtune\basic-intel\x64\release\basic-intel.tlog\xilink.read.1.tlog
c:\users\ricardo\desktop\mkl-omp-vector code\multi-sample-mkl-vector-vtune\basic-intel\x64\release\basic-intel.tlog\xilink.write.1.tlog
