c:\users\ricardo\desktop\basic-intel - copy\basic-intel\release\simplemcmain1_threaded-vector.obj
c:\users\ricardo\desktop\basic-intel - copy\basic-intel\release\simplemcmain1.obj
c:\users\ricardo\desktop\basic-intel - copy\basic-intel\release\simplemcmain1_mixedvector_1.obj
c:\users\ricardo\desktop\basic-intel - copy\basic-intel\release\simplemcmain1_decoupled.obj
c:\users\ricardo\desktop\basic-intel - copy\basic-intel\release\simplemcmain1_threaded_2.obj
c:\users\ricardo\desktop\basic-intel - copy\basic-intel\release\simplemcmain1_threaded_3_best.obj
c:\users\ricardo\desktop\basic-intel - copy\basic-intel\release\simplemcmain1_threaded_1.obj
c:\users\ricardo\desktop\basic-intel - copy\basic-intel\release\simplemcmain1_mkl.obj
c:\users\ricardo\desktop\basic-intel - copy\basic-intel\release\random1.obj
c:\users\ricardo\desktop\basic-intel - copy\basic-intel\release\simplemcmain1_purevector_1.obj
c:\users\ricardo\appdata\local\temp\lnk{8c00796e-6396-46af-8512-301ff6af4728}.tmp
c:\users\ricardo\appdata\local\temp\lnk{d841951a-a298-4f5b-8a18-bff2f8380414}.tmp
c:\users\ricardo\desktop\basic-intel - copy\release\basic-intel.exe
c:\users\ricardo\desktop\basic-intel - copy\release\basic-intel.pdb
c:\users\ricardo\desktop\mkl-omp-vector code\multi-sample-mkl-vector-vtune\basic-intel\release\random1.obj
c:\users\ricardo\desktop\mkl-omp-vector code\multi-sample-mkl-vector-vtune\basic-intel\release\simplemcmain1.obj
c:\users\ricardo\desktop\mkl-omp-vector code\multi-sample-mkl-vector-vtune\basic-intel\release\simplemcmain1_decoupled.obj
c:\users\ricardo\desktop\mkl-omp-vector code\multi-sample-mkl-vector-vtune\basic-intel\release\simplemcmain1_mixedvector_1.obj
c:\users\ricardo\desktop\mkl-omp-vector code\multi-sample-mkl-vector-vtune\basic-intel\release\simplemcmain1_mkl.obj
c:\users\ricardo\desktop\mkl-omp-vector code\multi-sample-mkl-vector-vtune\basic-intel\release\simplemcmain1_purevector_1.obj
c:\users\ricardo\desktop\mkl-omp-vector code\multi-sample-mkl-vector-vtune\basic-intel\release\simplemcmain1_threaded-vector.obj
c:\users\ricardo\desktop\mkl-omp-vector code\multi-sample-mkl-vector-vtune\basic-intel\release\simplemcmain1_threaded_1.obj
c:\users\ricardo\desktop\mkl-omp-vector code\multi-sample-mkl-vector-vtune\basic-intel\release\simplemcmain1_threaded_2.obj
c:\users\ricardo\desktop\mkl-omp-vector code\multi-sample-mkl-vector-vtune\basic-intel\release\simplemcmain1_threaded_3_best.obj
c:\users\ricardo\desktop\mkl-omp-vector code\multi-sample-mkl-vector-vtune\release\basic-intel.pdb
c:\users\ricardo\desktop\mkl-omp-vector code\multi-sample-mkl-vector-vtune\release\basic-intel.exe
c:\users\ricardo\desktop\mkl-omp-vector code\multi-sample-mkl-vector-vtune\basic-intel\release\basic-intel.tlog\icl-mcpcom.3108.read.1.tlog
c:\users\ricardo\desktop\mkl-omp-vector code\multi-sample-mkl-vector-vtune\basic-intel\release\basic-intel.tlog\icl-mcpcom.3108.write.1.tlog
c:\users\ricardo\desktop\mkl-omp-vector code\multi-sample-mkl-vector-vtune\basic-intel\release\basic-intel.tlog\icl-mcpcom.3500.read.1.tlog
c:\users\ricardo\desktop\mkl-omp-vector code\multi-sample-mkl-vector-vtune\basic-intel\release\basic-intel.tlog\icl-mcpcom.3500.write.1.tlog
c:\users\ricardo\desktop\mkl-omp-vector code\multi-sample-mkl-vector-vtune\basic-intel\release\basic-intel.tlog\icl-mcpcom.8772.read.1.tlog
c:\users\ricardo\desktop\mkl-omp-vector code\multi-sample-mkl-vector-vtune\basic-intel\release\basic-intel.tlog\icl-mcpcom.8772.write.1.tlog
c:\users\ricardo\desktop\mkl-omp-vector code\multi-sample-mkl-vector-vtune\basic-intel\release\basic-intel.tlog\icl-mcpcom.read.1.tlog
c:\users\ricardo\desktop\mkl-omp-vector code\multi-sample-mkl-vector-vtune\basic-intel\release\basic-intel.tlog\icl-mcpcom.write.1.tlog
c:\users\ricardo\desktop\mkl-omp-vector code\multi-sample-mkl-vector-vtune\basic-intel\release\basic-intel.tlog\icl-mcpcom.write.2.tlog
c:\users\ricardo\desktop\mkl-omp-vector code\multi-sample-mkl-vector-vtune\basic-intel\release\basic-intel.tlog\icl.command.1.tlog
c:\users\ricardo\desktop\mkl-omp-vector code\multi-sample-mkl-vector-vtune\basic-intel\release\basic-intel.tlog\icl.read.1.tlog
c:\users\ricardo\desktop\mkl-omp-vector code\multi-sample-mkl-vector-vtune\basic-intel\release\basic-intel.tlog\icl.write.1.tlog
c:\users\ricardo\desktop\mkl-omp-vector code\multi-sample-mkl-vector-vtune\basic-intel\release\basic-intel.tlog\xilink-link-cvtres.read.1.tlog
c:\users\ricardo\desktop\mkl-omp-vector code\multi-sample-mkl-vector-vtune\basic-intel\release\basic-intel.tlog\xilink-link-cvtres.write.1.tlog
c:\users\ricardo\desktop\mkl-omp-vector code\multi-sample-mkl-vector-vtune\basic-intel\release\basic-intel.tlog\xilink-link-rc.read.1.tlog
c:\users\ricardo\desktop\mkl-omp-vector code\multi-sample-mkl-vector-vtune\basic-intel\release\basic-intel.tlog\xilink-link-rc.write.1.tlog
c:\users\ricardo\desktop\mkl-omp-vector code\multi-sample-mkl-vector-vtune\basic-intel\release\basic-intel.tlog\xilink-link.read.1.tlog
c:\users\ricardo\desktop\mkl-omp-vector code\multi-sample-mkl-vector-vtune\basic-intel\release\basic-intel.tlog\xilink-link.write.1.tlog
c:\users\ricardo\desktop\mkl-omp-vector code\multi-sample-mkl-vector-vtune\basic-intel\release\basic-intel.tlog\xilink-mcpcom.read.1.tlog
c:\users\ricardo\desktop\mkl-omp-vector code\multi-sample-mkl-vector-vtune\basic-intel\release\basic-intel.tlog\xilink-mcpcom.write.1.tlog
c:\users\ricardo\desktop\mkl-omp-vector code\multi-sample-mkl-vector-vtune\basic-intel\release\basic-intel.tlog\xilink.command.1.tlog
c:\users\ricardo\desktop\mkl-omp-vector code\multi-sample-mkl-vector-vtune\basic-intel\release\basic-intel.tlog\xilink.read.1.tlog
c:\users\ricardo\desktop\mkl-omp-vector code\multi-sample-mkl-vector-vtune\basic-intel\release\basic-intel.tlog\xilink.write.1.tlog
