[1202/054352.977:WARNING:resource_bundle.cc(357)] locale_file_path.empty() for locale 
[1202/054352.977:ERROR:main_delegate.cc(781)] Could not load locale pak for en-US
[1202/054353.151:WARNING:resource_bundle.cc(933)] locale resources are not loaded
[1202/054353.152:WARNING:resource_bundle.cc(933)] locale resources are not loaded
[1202/054353.152:WARNING:resource_bundle.cc(933)] locale resources are not loaded
[1202/054353.153:WARNING:resource_bundle.cc(933)] locale resources are not loaded
[1202/054353.153:WARNING:resource_bundle.cc(933)] locale resources are not loaded
[1202/054353.153:WARNING:resource_bundle.cc(933)] locale resources are not loaded
[1202/054353.153:WARNING:resource_bundle.cc(933)] locale resources are not loaded
[1202/054353.153:WARNING:resource_bundle.cc(933)] locale resources are not loaded
[1202/054353.153:WARNING:resource_bundle.cc(933)] locale resources are not loaded
[1202/054353.153:WARNING:resource_bundle.cc(933)] locale resources are not loaded
[1202/054353.153:WARNING:resource_bundle.cc(933)] locale resources are not loaded
[1202/054353.153:WARNING:resource_bundle.cc(933)] locale resources are not loaded
[1202/054353.153:WARNING:resource_bundle.cc(933)] locale resources are not loaded
[1202/054353.153:WARNING:resource_bundle.cc(933)] locale resources are not loaded
[1202/054353.154:WARNING:resource_bundle.cc(933)] locale resources are not loaded
[1202/054353.154:WARNING:resource_bundle.cc(933)] locale resources are not loaded
[1202/054353.154:WARNING:resource_bundle.cc(933)] locale resources are not loaded
[1202/054353.154:WARNING:resource_bundle.cc(933)] locale resources are not loaded
[1202/054353.154:WARNING:resource_bundle.cc(933)] locale resources are not loaded
[1202/054353.154:WARNING:resource_bundle.cc(933)] locale resources are not loaded
[1202/054353.154:WARNING:resource_bundle.cc(933)] locale resources are not loaded
[1202/054353.154:WARNING:resource_bundle.cc(933)] locale resources are not loaded
[1202/054353.154:WARNING:resource_bundle.cc(933)] locale resources are not loaded
[1202/054353.154:WARNING:resource_bundle.cc(933)] locale resources are not loaded
[1202/054353.154:WARNING:resource_bundle.cc(933)] locale resources are not loaded
[1202/054353.154:WARNING:resource_bundle.cc(933)] locale resources are not loaded
[1202/054353.154:WARNING:resource_bundle.cc(933)] locale resources are not loaded
[1202/054353.154:WARNING:resource_bundle.cc(933)] locale resources are not loaded
[1202/054353.154:WARNING:resource_bundle.cc(933)] locale resources are not loaded
[1202/054353.154:WARNING:resource_bundle.cc(933)] locale resources are not loaded
[1202/054353.154:WARNING:resource_bundle.cc(933)] locale resources are not loaded
[1202/054353.154:WARNING:resource_bundle.cc(933)] locale resources are not loaded
[1202/054353.154:WARNING:resource_bundle.cc(933)] locale resources are not loaded
[1202/054353.154:WARNING:resource_bundle.cc(933)] locale resources are not loaded
[1202/054353.154:WARNING:resource_bundle.cc(933)] locale resources are not loaded
[1202/054353.154:WARNING:resource_bundle.cc(933)] locale resources are not loaded
[1202/054353.155:WARNING:resource_bundle.cc(933)] locale resources are not loaded
[1202/054353.155:WARNING:resource_bundle.cc(933)] locale resources are not loaded
[1202/054353.155:WARNING:resource_bundle.cc(933)] locale resources are not loaded
[1202/054353.155:WARNING:resource_bundle.cc(933)] locale resources are not loaded
[1202/054353.156:WARNING:resource_bundle.cc(933)] locale resources are not loaded
[1202/054353.156:WARNING:resource_bundle.cc(933)] locale resources are not loaded
[1202/054353.156:WARNING:resource_bundle.cc(933)] locale resources are not loaded
[1202/054353.156:WARNING:resource_bundle.cc(933)] locale resources are not loaded
[1202/054353.291:WARNING:resource_bundle.cc(357)] locale_file_path.empty() for locale 
[1202/054353.291:ERROR:main_delegate.cc(781)] Could not load locale pak for en-US
[1202/054359.620:WARNING:resource_bundle.cc(933)] locale resources are not loaded
[1202/054359.620:WARNING:resource_bundle.cc(933)] locale resources are not loaded
[1202/054359.697:WARNING:resource_bundle.cc(357)] locale_file_path.empty() for locale 
[1202/054359.697:ERROR:main_delegate.cc(781)] Could not load locale pak for en-US
[1202/054400.643:ERROR:ssl_client_socket_impl.cc(962)] handshake failed; returned -1, SSL error code 1, net_error -202
[1202/054400.682:ERROR:ssl_client_socket_impl.cc(962)] handshake failed; returned -1, SSL error code 1, net_error -202
[1202/054400.685:ERROR:ssl_client_socket_impl.cc(962)] handshake failed; returned -1, SSL error code 1, net_error -202
[1202/054400.691:ERROR:ssl_client_socket_impl.cc(962)] handshake failed; returned -1, SSL error code 1, net_error -202
[1202/054400.691:ERROR:ssl_client_socket_impl.cc(962)] handshake failed; returned -1, SSL error code 1, net_error -202
[1202/054400.691:ERROR:ssl_client_socket_impl.cc(962)] handshake failed; returned -1, SSL error code 1, net_error -202
[1202/054400.694:ERROR:ssl_client_socket_impl.cc(962)] handshake failed; returned -1, SSL error code 1, net_error -202
[1202/054400.694:ERROR:ssl_client_socket_impl.cc(962)] handshake failed; returned -1, SSL error code 1, net_error -202
[1202/054400.696:ERROR:ssl_client_socket_impl.cc(962)] handshake failed; returned -1, SSL error code 1, net_error -202
[1202/054400.696:ERROR:ssl_client_socket_impl.cc(962)] handshake failed; returned -1, SSL error code 1, net_error -202
[1202/054400.696:ERROR:ssl_client_socket_impl.cc(962)] handshake failed; returned -1, SSL error code 1, net_error -202
[1202/054400.699:ERROR:ssl_client_socket_impl.cc(962)] handshake failed; returned -1, SSL error code 1, net_error -202
[1202/054400.699:ERROR:ssl_client_socket_impl.cc(962)] handshake failed; returned -1, SSL error code 1, net_error -202
[1202/054402.189:INFO:CONSOLE(0)] "Uncaught (in promise) #<Object>", source: https://127.0.0.1:53965/login/passphrase?passphrase=4ce7924f-8b07-4265-8fa0-d35a3a473f58 (0)
[1202/054402.208:ERROR:ssl_client_socket_impl.cc(962)] handshake failed; returned -1, SSL error code 1, net_error -202
[1202/054402.254:ERROR:ssl_client_socket_impl.cc(962)] handshake failed; returned -1, SSL error code 1, net_error -202
[1202/054402.525:ERROR:ssl_client_socket_impl.cc(962)] handshake failed; returned -1, SSL error code 1, net_error -202
[1202/054408.240:WARNING:resource_bundle.cc(357)] locale_file_path.empty() for locale 
[1202/054408.241:ERROR:main_delegate.cc(781)] Could not load locale pak for en-US
[1202/054445.471:ERROR:ssl_client_socket_impl.cc(962)] handshake failed; returned -1, SSL error code 1, net_error -202
[1202/054532.868:ERROR:ssl_client_socket_impl.cc(962)] handshake failed; returned -1, SSL error code 1, net_error -202
[1202/054538.997:WARNING:resource_bundle.cc(933)] locale resources are not loaded
[1202/054538.997:WARNING:resource_bundle.cc(933)] locale resources are not loaded
[1202/054538.999:WARNING:resource_bundle.cc(933)] locale resources are not loaded
[1202/054538.999:WARNING:resource_bundle.cc(933)] locale resources are not loaded
[1202/054552.743:ERROR:ssl_client_socket_impl.cc(962)] handshake failed; returned -1, SSL error code 1, net_error -202
[1202/054603.933:ERROR:ssl_client_socket_impl.cc(962)] handshake failed; returned -1, SSL error code 1, net_error -202
[1202/054604.141:ERROR:ssl_client_socket_impl.cc(962)] handshake failed; returned -1, SSL error code 1, net_error -202
[1202/054620.507:ERROR:ssl_client_socket_impl.cc(962)] handshake failed; returned -1, SSL error code 1, net_error -202
[1202/054620.552:ERROR:ssl_client_socket_impl.cc(962)] handshake failed; returned -1, SSL error code 1, net_error -202
[1202/054620.665:ERROR:ssl_client_socket_impl.cc(962)] handshake failed; returned -1, SSL error code 1, net_error -202
[1202/054620.712:ERROR:ssl_client_socket_impl.cc(962)] handshake failed; returned -1, SSL error code 1, net_error -202
[1202/054620.821:ERROR:ssl_client_socket_impl.cc(962)] handshake failed; returned -1, SSL error code 1, net_error -202
[1202/054629.472:ERROR:ssl_client_socket_impl.cc(962)] handshake failed; returned -1, SSL error code 1, net_error -202
[1202/054629.475:ERROR:ssl_client_socket_impl.cc(962)] handshake failed; returned -1, SSL error code 1, net_error -202
[1202/054629.579:ERROR:ssl_client_socket_impl.cc(962)] handshake failed; returned -1, SSL error code 1, net_error -202
[1202/054650.823:ERROR:ssl_client_socket_impl.cc(962)] handshake failed; returned -1, SSL error code 1, net_error -202
[1202/054650.825:ERROR:ssl_client_socket_impl.cc(962)] handshake failed; returned -1, SSL error code 1, net_error -202
[1202/054650.853:ERROR:ssl_client_socket_impl.cc(962)] handshake failed; returned -1, SSL error code 1, net_error -202
[1202/054706.537:ERROR:ssl_client_socket_impl.cc(962)] handshake failed; returned -1, SSL error code 1, net_error -202
[1202/054755.014:WARNING:resource_bundle.cc(933)] locale resources are not loaded
[1202/054755.014:WARNING:resource_bundle.cc(933)] locale resources are not loaded
[1202/054755.015:ERROR:ssl_client_socket_impl.cc(962)] handshake failed; returned -1, SSL error code 1, net_error -202
[1202/054755.107:WARNING:resource_bundle.cc(357)] locale_file_path.empty() for locale 
[1202/054755.107:ERROR:main_delegate.cc(781)] Could not load locale pak for en-US
[1202/054755.174:ERROR:ssl_client_socket_impl.cc(962)] handshake failed; returned -1, SSL error code 1, net_error -202
[1202/054755.179:ERROR:ssl_client_socket_impl.cc(962)] handshake failed; returned -1, SSL error code 1, net_error -202
[1202/054755.182:ERROR:ssl_client_socket_impl.cc(962)] handshake failed; returned -1, SSL error code 1, net_error -202
[1202/054755.183:ERROR:ssl_client_socket_impl.cc(962)] handshake failed; returned -1, SSL error code 1, net_error -202
[1202/054755.183:ERROR:ssl_client_socket_impl.cc(962)] handshake failed; returned -1, SSL error code 1, net_error -202
[1202/054755.185:ERROR:ssl_client_socket_impl.cc(962)] handshake failed; returned -1, SSL error code 1, net_error -202
[1202/054755.188:ERROR:ssl_client_socket_impl.cc(962)] handshake failed; returned -1, SSL error code 1, net_error -202
[1202/054755.188:ERROR:ssl_client_socket_impl.cc(962)] handshake failed; returned -1, SSL error code 1, net_error -202
[1202/054755.189:ERROR:ssl_client_socket_impl.cc(962)] handshake failed; returned -1, SSL error code 1, net_error -202
[1202/054755.189:ERROR:ssl_client_socket_impl.cc(962)] handshake failed; returned -1, SSL error code 1, net_error -202
[1202/054755.192:ERROR:ssl_client_socket_impl.cc(962)] handshake failed; returned -1, SSL error code 1, net_error -202
[1202/054755.713:ERROR:ssl_client_socket_impl.cc(962)] handshake failed; returned -1, SSL error code 1, net_error -202
[1202/054755.757:ERROR:ssl_client_socket_impl.cc(962)] handshake failed; returned -1, SSL error code 1, net_error -202
[1202/054756.019:ERROR:ssl_client_socket_impl.cc(962)] handshake failed; returned -1, SSL error code 1, net_error -202
[1202/054822.753:ERROR:ssl_client_socket_impl.cc(962)] handshake failed; returned -1, SSL error code 1, net_error -202
[1202/054842.162:ERROR:ssl_client_socket_impl.cc(962)] handshake failed; returned -1, SSL error code 1, net_error -202
[1202/054842.334:ERROR:ssl_client_socket_impl.cc(962)] handshake failed; returned -1, SSL error code 1, net_error -202
[1202/054845.575:ERROR:ssl_client_socket_impl.cc(962)] handshake failed; returned -1, SSL error code 1, net_error -202
[1202/054845.635:ERROR:ssl_client_socket_impl.cc(962)] handshake failed; returned -1, SSL error code 1, net_error -202
[1202/054845.746:ERROR:ssl_client_socket_impl.cc(962)] handshake failed; returned -1, SSL error code 1, net_error -202
[1202/054845.751:ERROR:ssl_client_socket_impl.cc(962)] handshake failed; returned -1, SSL error code 1, net_error -202
[1202/054845.752:ERROR:ssl_client_socket_impl.cc(962)] handshake failed; returned -1, SSL error code 1, net_error -202
[1202/054845.755:ERROR:ssl_client_socket_impl.cc(962)] handshake failed; returned -1, SSL error code 1, net_error -202
[1202/054859.612:ERROR:ssl_client_socket_impl.cc(962)] handshake failed; returned -1, SSL error code 1, net_error -202
[1202/054859.614:ERROR:ssl_client_socket_impl.cc(962)] handshake failed; returned -1, SSL error code 1, net_error -202
[1202/054859.856:ERROR:ssl_client_socket_impl.cc(962)] handshake failed; returned -1, SSL error code 1, net_error -202
[1202/054859.960:ERROR:ssl_client_socket_impl.cc(962)] handshake failed; returned -1, SSL error code 1, net_error -202
[1202/135827.368:WARNING:resource_bundle.cc(357)] locale_file_path.empty() for locale 
[1202/135827.370:ERROR:main_delegate.cc(781)] Could not load locale pak for en-US
[1202/135827.637:WARNING:resource_bundle.cc(933)] locale resources are not loaded
[1202/135827.641:WARNING:resource_bundle.cc(933)] locale resources are not loaded
[1202/135827.641:WARNING:resource_bundle.cc(933)] locale resources are not loaded
[1202/135827.643:WARNING:resource_bundle.cc(933)] locale resources are not loaded
[1202/135827.643:WARNING:resource_bundle.cc(933)] locale resources are not loaded
[1202/135827.643:WARNING:resource_bundle.cc(933)] locale resources are not loaded
[1202/135827.643:WARNING:resource_bundle.cc(933)] locale resources are not loaded
[1202/135827.643:WARNING:resource_bundle.cc(933)] locale resources are not loaded
[1202/135827.643:WARNING:resource_bundle.cc(933)] locale resources are not loaded
[1202/135827.643:WARNING:resource_bundle.cc(933)] locale resources are not loaded
[1202/135827.643:WARNING:resource_bundle.cc(933)] locale resources are not loaded
[1202/135827.643:WARNING:resource_bundle.cc(933)] locale resources are not loaded
[1202/135827.643:WARNING:resource_bundle.cc(933)] locale resources are not loaded
[1202/135827.643:WARNING:resource_bundle.cc(933)] locale resources are not loaded
[1202/135827.643:WARNING:resource_bundle.cc(933)] locale resources are not loaded
[1202/135827.643:WARNING:resource_bundle.cc(933)] locale resources are not loaded
[1202/135827.643:WARNING:resource_bundle.cc(933)] locale resources are not loaded
[1202/135827.643:WARNING:resource_bundle.cc(933)] locale resources are not loaded
[1202/135827.643:WARNING:resource_bundle.cc(933)] locale resources are not loaded
[1202/135827.643:WARNING:resource_bundle.cc(933)] locale resources are not loaded
[1202/135827.643:WARNING:resource_bundle.cc(933)] locale resources are not loaded
[1202/135827.643:WARNING:resource_bundle.cc(933)] locale resources are not loaded
[1202/135827.643:WARNING:resource_bundle.cc(933)] locale resources are not loaded
[1202/135827.644:WARNING:resource_bundle.cc(933)] locale resources are not loaded
[1202/135827.644:WARNING:resource_bundle.cc(933)] locale resources are not loaded
[1202/135827.644:WARNING:resource_bundle.cc(933)] locale resources are not loaded
[1202/135827.644:WARNING:resource_bundle.cc(933)] locale resources are not loaded
[1202/135827.644:WARNING:resource_bundle.cc(933)] locale resources are not loaded
[1202/135827.644:WARNING:resource_bundle.cc(933)] locale resources are not loaded
[1202/135827.644:WARNING:resource_bundle.cc(933)] locale resources are not loaded
[1202/135827.644:WARNING:resource_bundle.cc(933)] locale resources are not loaded
[1202/135827.644:WARNING:resource_bundle.cc(933)] locale resources are not loaded
[1202/135827.644:WARNING:resource_bundle.cc(933)] locale resources are not loaded
[1202/135827.644:WARNING:resource_bundle.cc(933)] locale resources are not loaded
[1202/135827.644:WARNING:resource_bundle.cc(933)] locale resources are not loaded
[1202/135827.644:WARNING:resource_bundle.cc(933)] locale resources are not loaded
[1202/135827.644:WARNING:resource_bundle.cc(933)] locale resources are not loaded
[1202/135827.644:WARNING:resource_bundle.cc(933)] locale resources are not loaded
[1202/135827.644:WARNING:resource_bundle.cc(933)] locale resources are not loaded
[1202/135827.644:WARNING:resource_bundle.cc(933)] locale resources are not loaded
[1202/135827.647:WARNING:resource_bundle.cc(933)] locale resources are not loaded
[1202/135827.647:WARNING:resource_bundle.cc(933)] locale resources are not loaded
[1202/135827.647:WARNING:resource_bundle.cc(933)] locale resources are not loaded
[1202/135827.647:WARNING:resource_bundle.cc(933)] locale resources are not loaded
[1202/135827.694:WARNING:resource_bundle.cc(357)] locale_file_path.empty() for locale 
[1202/135827.694:ERROR:main_delegate.cc(781)] Could not load locale pak for en-US
[1202/135832.209:WARNING:resource_bundle.cc(933)] locale resources are not loaded
[1202/135832.209:WARNING:resource_bundle.cc(933)] locale resources are not loaded
[1202/135832.285:WARNING:resource_bundle.cc(357)] locale_file_path.empty() for locale 
[1202/135832.285:ERROR:main_delegate.cc(781)] Could not load locale pak for en-US
[1202/135833.235:ERROR:ssl_client_socket_impl.cc(962)] handshake failed; returned -1, SSL error code 1, net_error -202
[1202/135833.275:ERROR:ssl_client_socket_impl.cc(962)] handshake failed; returned -1, SSL error code 1, net_error -202
[1202/135833.277:ERROR:ssl_client_socket_impl.cc(962)] handshake failed; returned -1, SSL error code 1, net_error -202
[1202/135833.283:ERROR:ssl_client_socket_impl.cc(962)] handshake failed; returned -1, SSL error code 1, net_error -202
[1202/135833.283:ERROR:ssl_client_socket_impl.cc(962)] handshake failed; returned -1, SSL error code 1, net_error -202
[1202/135833.283:ERROR:ssl_client_socket_impl.cc(962)] handshake failed; returned -1, SSL error code 1, net_error -202
[1202/135833.286:ERROR:ssl_client_socket_impl.cc(962)] handshake failed; returned -1, SSL error code 1, net_error -202
[1202/135833.286:ERROR:ssl_client_socket_impl.cc(962)] handshake failed; returned -1, SSL error code 1, net_error -202
[1202/135833.289:ERROR:ssl_client_socket_impl.cc(962)] handshake failed; returned -1, SSL error code 1, net_error -202
[1202/135833.289:ERROR:ssl_client_socket_impl.cc(962)] handshake failed; returned -1, SSL error code 1, net_error -202
[1202/135833.289:ERROR:ssl_client_socket_impl.cc(962)] handshake failed; returned -1, SSL error code 1, net_error -202
[1202/135833.291:ERROR:ssl_client_socket_impl.cc(962)] handshake failed; returned -1, SSL error code 1, net_error -202
[1202/135833.292:ERROR:ssl_client_socket_impl.cc(962)] handshake failed; returned -1, SSL error code 1, net_error -202
[1202/135834.452:INFO:CONSOLE(0)] "Uncaught (in promise) #<Object>", source: https://127.0.0.1:54224/login/passphrase?passphrase=c9b96e18-c15b-4dfc-b58a-d81e5765ea3a (0)
[1202/135834.469:ERROR:ssl_client_socket_impl.cc(962)] handshake failed; returned -1, SSL error code 1, net_error -202
[1202/135834.523:ERROR:ssl_client_socket_impl.cc(962)] handshake failed; returned -1, SSL error code 1, net_error -202
[1202/135839.860:WARNING:resource_bundle.cc(933)] locale resources are not loaded
[1202/135839.860:WARNING:resource_bundle.cc(933)] locale resources are not loaded
[1202/135839.954:WARNING:resource_bundle.cc(357)] locale_file_path.empty() for locale 
[1202/135839.954:ERROR:main_delegate.cc(781)] Could not load locale pak for en-US
[1202/135840.022:ERROR:ssl_client_socket_impl.cc(962)] handshake failed; returned -1, SSL error code 1, net_error -202
[1202/135840.023:ERROR:ssl_client_socket_impl.cc(962)] handshake failed; returned -1, SSL error code 1, net_error -202
[1202/135840.030:ERROR:ssl_client_socket_impl.cc(962)] handshake failed; returned -1, SSL error code 1, net_error -202
[1202/135840.030:ERROR:ssl_client_socket_impl.cc(962)] handshake failed; returned -1, SSL error code 1, net_error -202
[1202/135840.030:ERROR:ssl_client_socket_impl.cc(962)] handshake failed; returned -1, SSL error code 1, net_error -202
[1202/135840.033:ERROR:ssl_client_socket_impl.cc(962)] handshake failed; returned -1, SSL error code 1, net_error -202
[1202/135840.033:ERROR:ssl_client_socket_impl.cc(962)] handshake failed; returned -1, SSL error code 1, net_error -202
[1202/135840.036:ERROR:ssl_client_socket_impl.cc(962)] handshake failed; returned -1, SSL error code 1, net_error -202
[1202/135840.037:ERROR:ssl_client_socket_impl.cc(962)] handshake failed; returned -1, SSL error code 1, net_error -202
[1202/135840.038:ERROR:ssl_client_socket_impl.cc(962)] handshake failed; returned -1, SSL error code 1, net_error -202
[1202/135840.039:ERROR:ssl_client_socket_impl.cc(962)] handshake failed; returned -1, SSL error code 1, net_error -202
[1202/135840.039:ERROR:ssl_client_socket_impl.cc(962)] handshake failed; returned -1, SSL error code 1, net_error -202
[1202/135840.041:ERROR:ssl_client_socket_impl.cc(962)] handshake failed; returned -1, SSL error code 1, net_error -202
[1202/135840.569:ERROR:ssl_client_socket_impl.cc(962)] handshake failed; returned -1, SSL error code 1, net_error -202
[1202/135840.611:ERROR:ssl_client_socket_impl.cc(962)] handshake failed; returned -1, SSL error code 1, net_error -202
[1202/135840.886:ERROR:ssl_client_socket_impl.cc(962)] handshake failed; returned -1, SSL error code 1, net_error -202
[1202/135842.680:WARNING:resource_bundle.cc(357)] locale_file_path.empty() for locale 
[1202/135842.680:ERROR:main_delegate.cc(781)] Could not load locale pak for en-US
[1202/135901.457:ERROR:ssl_client_socket_impl.cc(962)] handshake failed; returned -1, SSL error code 1, net_error -202
[1202/135901.672:ERROR:ssl_client_socket_impl.cc(962)] handshake failed; returned -1, SSL error code 1, net_error -202
[1202/135903.362:ERROR:ssl_client_socket_impl.cc(962)] handshake failed; returned -1, SSL error code 1, net_error -202
[1202/135903.412:ERROR:ssl_client_socket_impl.cc(962)] handshake failed; returned -1, SSL error code 1, net_error -202
[1202/135903.540:ERROR:ssl_client_socket_impl.cc(962)] handshake failed; returned -1, SSL error code 1, net_error -202
[1202/135903.542:ERROR:ssl_client_socket_impl.cc(962)] handshake failed; returned -1, SSL error code 1, net_error -202
[1202/135903.545:ERROR:ssl_client_socket_impl.cc(962)] handshake failed; returned -1, SSL error code 1, net_error -202
[1202/135903.550:ERROR:ssl_client_socket_impl.cc(962)] handshake failed; returned -1, SSL error code 1, net_error -202
[1202/135916.392:ERROR:ssl_client_socket_impl.cc(962)] handshake failed; returned -1, SSL error code 1, net_error -202
[1202/135916.395:ERROR:ssl_client_socket_impl.cc(962)] handshake failed; returned -1, SSL error code 1, net_error -202
[1202/135916.425:ERROR:ssl_client_socket_impl.cc(962)] handshake failed; returned -1, SSL error code 1, net_error -202
[1202/135916.428:ERROR:ssl_client_socket_impl.cc(962)] handshake failed; returned -1, SSL error code 1, net_error -202
[1202/135916.491:ERROR:ssl_client_socket_impl.cc(962)] handshake failed; returned -1, SSL error code 1, net_error -202
[1202/135925.300:ERROR:ssl_client_socket_impl.cc(962)] handshake failed; returned -1, SSL error code 1, net_error -202
[1202/135925.395:ERROR:ssl_client_socket_impl.cc(962)] handshake failed; returned -1, SSL error code 1, net_error -202
[1202/135926.061:ERROR:ssl_client_socket_impl.cc(962)] handshake failed; returned -1, SSL error code 1, net_error -202
[1202/135926.064:ERROR:ssl_client_socket_impl.cc(962)] handshake failed; returned -1, SSL error code 1, net_error -202
[1202/135926.066:ERROR:ssl_client_socket_impl.cc(962)] handshake failed; returned -1, SSL error code 1, net_error -202
[1202/140007.247:WARNING:resource_bundle.cc(933)] locale resources are not loaded
[1202/140007.247:WARNING:resource_bundle.cc(933)] locale resources are not loaded
[1202/140007.247:ERROR:ssl_client_socket_impl.cc(962)] handshake failed; returned -1, SSL error code 1, net_error -202
[1202/140007.341:WARNING:resource_bundle.cc(357)] locale_file_path.empty() for locale 
[1202/140007.341:ERROR:main_delegate.cc(781)] Could not load locale pak for en-US
[1202/140007.408:ERROR:ssl_client_socket_impl.cc(962)] handshake failed; returned -1, SSL error code 1, net_error -202
[1202/140007.410:ERROR:ssl_client_socket_impl.cc(962)] handshake failed; returned -1, SSL error code 1, net_error -202
[1202/140007.416:ERROR:ssl_client_socket_impl.cc(962)] handshake failed; returned -1, SSL error code 1, net_error -202
[1202/140007.416:ERROR:ssl_client_socket_impl.cc(962)] handshake failed; returned -1, SSL error code 1, net_error -202
[1202/140007.417:ERROR:ssl_client_socket_impl.cc(962)] handshake failed; returned -1, SSL error code 1, net_error -202
[1202/140007.419:ERROR:ssl_client_socket_impl.cc(962)] handshake failed; returned -1, SSL error code 1, net_error -202
[1202/140007.419:ERROR:ssl_client_socket_impl.cc(962)] handshake failed; returned -1, SSL error code 1, net_error -202
[1202/140007.422:ERROR:ssl_client_socket_impl.cc(962)] handshake failed; returned -1, SSL error code 1, net_error -202
[1202/140007.422:ERROR:ssl_client_socket_impl.cc(962)] handshake failed; returned -1, SSL error code 1, net_error -202
[1202/140007.423:ERROR:ssl_client_socket_impl.cc(962)] handshake failed; returned -1, SSL error code 1, net_error -202
[1202/140007.425:ERROR:ssl_client_socket_impl.cc(962)] handshake failed; returned -1, SSL error code 1, net_error -202
[1202/140007.425:ERROR:ssl_client_socket_impl.cc(962)] handshake failed; returned -1, SSL error code 1, net_error -202
[1202/140007.943:ERROR:ssl_client_socket_impl.cc(962)] handshake failed; returned -1, SSL error code 1, net_error -202
[1202/140007.987:ERROR:ssl_client_socket_impl.cc(962)] handshake failed; returned -1, SSL error code 1, net_error -202
[1202/140008.256:ERROR:ssl_client_socket_impl.cc(962)] handshake failed; returned -1, SSL error code 1, net_error -202
[1202/140012.000:ERROR:ssl_client_socket_impl.cc(962)] handshake failed; returned -1, SSL error code 1, net_error -202
[1202/140018.645:ERROR:ssl_client_socket_impl.cc(962)] handshake failed; returned -1, SSL error code 1, net_error -202
[1202/140018.647:ERROR:ssl_client_socket_impl.cc(962)] handshake failed; returned -1, SSL error code 1, net_error -202
[1202/140018.670:ERROR:ssl_client_socket_impl.cc(962)] handshake failed; returned -1, SSL error code 1, net_error -202
[1202/140018.744:ERROR:ssl_client_socket_impl.cc(962)] handshake failed; returned -1, SSL error code 1, net_error -202
[1202/140353.356:ERROR:ssl_client_socket_impl.cc(962)] handshake failed; returned -1, SSL error code 1, net_error -202
[1202/140359.038:ERROR:ssl_client_socket_impl.cc(962)] handshake failed; returned -1, SSL error code 1, net_error -202
[1202/140359.135:ERROR:ssl_client_socket_impl.cc(962)] handshake failed; returned -1, SSL error code 1, net_error -202
[1202/140359.475:ERROR:ssl_client_socket_impl.cc(962)] handshake failed; returned -1, SSL error code 1, net_error -202
[1202/140359.475:ERROR:ssl_client_socket_impl.cc(962)] handshake failed; returned -1, SSL error code 1, net_error -202
[1202/140359.478:ERROR:ssl_client_socket_impl.cc(962)] handshake failed; returned -1, SSL error code 1, net_error -202
[1202/140359.481:ERROR:ssl_client_socket_impl.cc(962)] handshake failed; returned -1, SSL error code 1, net_error -202
[1202/140813.522:ERROR:ssl_client_socket_impl.cc(962)] handshake failed; returned -1, SSL error code 1, net_error -202
[1202/140813.643:ERROR:ssl_client_socket_impl.cc(962)] handshake failed; returned -1, SSL error code 1, net_error -202
[1202/140813.645:ERROR:ssl_client_socket_impl.cc(962)] handshake failed; returned -1, SSL error code 1, net_error -202
[1202/140813.646:ERROR:ssl_client_socket_impl.cc(962)] handshake failed; returned -1, SSL error code 1, net_error -202
[1202/140813.665:ERROR:ssl_client_socket_impl.cc(962)] handshake failed; returned -1, SSL error code 1, net_error -202
[1202/140813.673:ERROR:ssl_client_socket_impl.cc(962)] handshake failed; returned -1, SSL error code 1, net_error -202
[1202/140813.678:ERROR:ssl_client_socket_impl.cc(962)] handshake failed; returned -1, SSL error code 1, net_error -202
[1202/140813.679:ERROR:ssl_client_socket_impl.cc(962)] handshake failed; returned -1, SSL error code 1, net_error -202
[1202/140813.685:INFO:CONSOLE(4670)] "Ignore config query 'Thread'(/GenericThread) because of duplicate display name!", source: https://127.0.0.1:54224/htmlutil/htmlutil.js (4670)
[1202/140814.413:INFO:CONSOLE(4668)] "No selection filter is set yet", source: https://127.0.0.1:54224/htmlutil/htmlutil.js (4668)
[1202/140825.995:ERROR:ssl_client_socket_impl.cc(962)] handshake failed; returned -1, SSL error code 1, net_error -202
[1202/140825.996:ERROR:ssl_client_socket_impl.cc(962)] handshake failed; returned -1, SSL error code 1, net_error -202
[1202/141239.531:ERROR:ssl_client_socket_impl.cc(962)] handshake failed; returned -1, SSL error code 1, net_error -202
[1202/141247.497:ERROR:ssl_client_socket_impl.cc(962)] handshake failed; returned -1, SSL error code 1, net_error -202
[1202/141249.883:ERROR:ssl_client_socket_impl.cc(962)] handshake failed; returned -1, SSL error code 1, net_error -202
[1202/141249.904:ERROR:ssl_client_socket_impl.cc(962)] handshake failed; returned -1, SSL error code 1, net_error -202
[1202/141250.868:ERROR:ssl_client_socket_impl.cc(962)] handshake failed; returned -1, SSL error code 1, net_error -202
[1202/141259.321:ERROR:ssl_client_socket_impl.cc(962)] handshake failed; returned -1, SSL error code 1, net_error -202
[1202/141259.324:ERROR:ssl_client_socket_impl.cc(962)] handshake failed; returned -1, SSL error code 1, net_error -202
[1202/141306.782:WARNING:resource_bundle.cc(933)] locale resources are not loaded
[1202/141306.782:WARNING:resource_bundle.cc(933)] locale resources are not loaded
[1202/141306.784:WARNING:resource_bundle.cc(933)] locale resources are not loaded
[1202/141306.784:WARNING:resource_bundle.cc(933)] locale resources are not loaded
[1202/141310.156:WARNING:resource_bundle.cc(933)] locale resources are not loaded
[1202/141310.156:WARNING:resource_bundle.cc(933)] locale resources are not loaded
[1202/141312.065:ERROR:ssl_client_socket_impl.cc(962)] handshake failed; returned -1, SSL error code 1, net_error -202
[1202/141312.104:ERROR:ssl_client_socket_impl.cc(962)] handshake failed; returned -1, SSL error code 1, net_error -202
[1202/141312.314:ERROR:ssl_client_socket_impl.cc(962)] handshake failed; returned -1, SSL error code 1, net_error -202
[1202/141312.328:ERROR:ssl_client_socket_impl.cc(962)] handshake failed; returned -1, SSL error code 1, net_error -202
[1202/141312.341:ERROR:ssl_client_socket_impl.cc(962)] handshake failed; returned -1, SSL error code 1, net_error -202
[1202/141312.343:ERROR:ssl_client_socket_impl.cc(962)] handshake failed; returned -1, SSL error code 1, net_error -202
[1202/141313.653:INFO:CONSOLE(4668)] "[object Object]", source: https://127.0.0.1:54224/htmlutil/htmlutil.js (4668)
[1202/141313.679:INFO:CONSOLE(4668)] "[object Object]", source: https://127.0.0.1:54224/htmlutil/htmlutil.js (4668)
[1202/141313.679:INFO:CONSOLE(4668)] "[object Object]", source: https://127.0.0.1:54224/htmlutil/htmlutil.js (4668)
[1202/141313.679:INFO:CONSOLE(4668)] "[object Object]", source: https://127.0.0.1:54224/htmlutil/htmlutil.js (4668)
[1202/141313.709:INFO:CONSOLE(4668)] "[object Object]", source: https://127.0.0.1:54224/htmlutil/htmlutil.js (4668)
[1202/141313.709:INFO:CONSOLE(4668)] "[object Object]", source: https://127.0.0.1:54224/htmlutil/htmlutil.js (4668)
[1202/141313.709:INFO:CONSOLE(4668)] "[object Object]", source: https://127.0.0.1:54224/htmlutil/htmlutil.js (4668)
[1202/141313.709:INFO:CONSOLE(4668)] "[object Object]", source: https://127.0.0.1:54224/htmlutil/htmlutil.js (4668)
[1202/141313.709:INFO:CONSOLE(4668)] "[object Object]", source: https://127.0.0.1:54224/htmlutil/htmlutil.js (4668)
[1202/141313.709:INFO:CONSOLE(4668)] "[object Object]", source: https://127.0.0.1:54224/htmlutil/htmlutil.js (4668)
[1202/141333.725:ERROR:ssl_client_socket_impl.cc(962)] handshake failed; returned -1, SSL error code 1, net_error -202
[1202/145645.597:WARNING:resource_bundle.cc(933)] locale resources are not loaded
[1202/145645.597:WARNING:resource_bundle.cc(933)] locale resources are not loaded
[1202/145645.599:ERROR:ssl_client_socket_impl.cc(962)] handshake failed; returned -1, SSL error code 1, net_error -202
[1202/145645.689:WARNING:resource_bundle.cc(357)] locale_file_path.empty() for locale 
[1202/145645.690:ERROR:main_delegate.cc(781)] Could not load locale pak for en-US
[1202/145645.758:ERROR:ssl_client_socket_impl.cc(962)] handshake failed; returned -1, SSL error code 1, net_error -202
[1202/145645.759:ERROR:ssl_client_socket_impl.cc(962)] handshake failed; returned -1, SSL error code 1, net_error -202
[1202/145645.765:ERROR:ssl_client_socket_impl.cc(962)] handshake failed; returned -1, SSL error code 1, net_error -202
[1202/145645.765:ERROR:ssl_client_socket_impl.cc(962)] handshake failed; returned -1, SSL error code 1, net_error -202
[1202/145645.766:ERROR:ssl_client_socket_impl.cc(962)] handshake failed; returned -1, SSL error code 1, net_error -202
[1202/145645.769:ERROR:ssl_client_socket_impl.cc(962)] handshake failed; returned -1, SSL error code 1, net_error -202
[1202/145645.769:ERROR:ssl_client_socket_impl.cc(962)] handshake failed; returned -1, SSL error code 1, net_error -202
[1202/145645.771:ERROR:ssl_client_socket_impl.cc(962)] handshake failed; returned -1, SSL error code 1, net_error -202
[1202/145645.772:ERROR:ssl_client_socket_impl.cc(962)] handshake failed; returned -1, SSL error code 1, net_error -202
[1202/145645.772:ERROR:ssl_client_socket_impl.cc(962)] handshake failed; returned -1, SSL error code 1, net_error -202
[1202/145645.773:ERROR:ssl_client_socket_impl.cc(962)] handshake failed; returned -1, SSL error code 1, net_error -202
[1202/145645.773:ERROR:ssl_client_socket_impl.cc(962)] handshake failed; returned -1, SSL error code 1, net_error -202
[1202/145646.321:ERROR:ssl_client_socket_impl.cc(962)] handshake failed; returned -1, SSL error code 1, net_error -202
[1202/145646.365:ERROR:ssl_client_socket_impl.cc(962)] handshake failed; returned -1, SSL error code 1, net_error -202
[1202/145744.908:WARNING:resource_bundle.cc(933)] locale resources are not loaded
[1202/145744.908:WARNING:resource_bundle.cc(933)] locale resources are not loaded
[1202/145744.909:ERROR:ssl_client_socket_impl.cc(962)] handshake failed; returned -1, SSL error code 1, net_error -202
[1202/145745.006:WARNING:resource_bundle.cc(357)] locale_file_path.empty() for locale 
[1202/145745.007:ERROR:main_delegate.cc(781)] Could not load locale pak for en-US
[1202/145745.069:ERROR:ssl_client_socket_impl.cc(962)] handshake failed; returned -1, SSL error code 1, net_error -202
[1202/145745.071:ERROR:ssl_client_socket_impl.cc(962)] handshake failed; returned -1, SSL error code 1, net_error -202
[1202/145745.078:ERROR:ssl_client_socket_impl.cc(962)] handshake failed; returned -1, SSL error code 1, net_error -202
[1202/145745.078:ERROR:ssl_client_socket_impl.cc(962)] handshake failed; returned -1, SSL error code 1, net_error -202
[1202/145745.079:ERROR:ssl_client_socket_impl.cc(962)] handshake failed; returned -1, SSL error code 1, net_error -202
[1202/145745.081:ERROR:ssl_client_socket_impl.cc(962)] handshake failed; returned -1, SSL error code 1, net_error -202
[1202/145745.081:ERROR:ssl_client_socket_impl.cc(962)] handshake failed; returned -1, SSL error code 1, net_error -202
[1202/145745.084:ERROR:ssl_client_socket_impl.cc(962)] handshake failed; returned -1, SSL error code 1, net_error -202
[1202/145745.084:ERROR:ssl_client_socket_impl.cc(962)] handshake failed; returned -1, SSL error code 1, net_error -202
[1202/145745.085:ERROR:ssl_client_socket_impl.cc(962)] handshake failed; returned -1, SSL error code 1, net_error -202
[1202/145745.087:ERROR:ssl_client_socket_impl.cc(962)] handshake failed; returned -1, SSL error code 1, net_error -202
[1202/145745.087:ERROR:ssl_client_socket_impl.cc(962)] handshake failed; returned -1, SSL error code 1, net_error -202
[1202/145745.599:ERROR:ssl_client_socket_impl.cc(962)] handshake failed; returned -1, SSL error code 1, net_error -202
[1202/145745.643:ERROR:ssl_client_socket_impl.cc(962)] handshake failed; returned -1, SSL error code 1, net_error -202
[1202/145745.910:ERROR:ssl_client_socket_impl.cc(962)] handshake failed; returned -1, SSL error code 1, net_error -202
[1202/145807.999:ERROR:broker_win.cc(137)] Error sending sync broker message: The pipe is being closed. (0xE8)
[1202/145808.000:ERROR:broker_win.cc(137)] Error sending sync broker message: The pipe is being closed. (0xE8)
[1202/145808.000:ERROR:command_buffer_proxy_impl.cc(92)] ContextResult::kFatalFailure: AllocateAndMapSharedMemory failed
[1202/145808.000:ERROR:broker_win.cc(137)] Error sending sync broker message: The pipe is being closed. (0xE8)
[1202/145808.000:ERROR:command_buffer_proxy_impl.cc(92)] ContextResult::kFatalFailure: AllocateAndMapSharedMemory failed
[1202/145808.000:ERROR:broker_win.cc(137)] Error sending sync broker message: The pipe is being closed. (0xE8)
[1202/145808.000:ERROR:command_buffer_proxy_impl.cc(92)] ContextResult::kFatalFailure: AllocateAndMapSharedMemory failed
[1202/145808.000:ERROR:broker_win.cc(137)] Error sending sync broker message: The pipe is being closed. (0xE8)
[1202/145808.000:ERROR:command_buffer_proxy_impl.cc(92)] ContextResult::kFatalFailure: AllocateAndMapSharedMemory failed
[1202/145808.000:ERROR:broker_win.cc(137)] Error sending sync broker message: The pipe is being closed. (0xE8)
[1202/145808.000:ERROR:command_buffer_proxy_impl.cc(92)] ContextResult::kFatalFailure: AllocateAndMapSharedMemory failed
[1202/145808.000:ERROR:broker_win.cc(137)] Error sending sync broker message: The pipe is being closed. (0xE8)
[1202/145808.000:ERROR:command_buffer_proxy_impl.cc(92)] ContextResult::kFatalFailure: AllocateAndMapSharedMemory failed
[1202/145808.000:ERROR:broker_win.cc(137)] Error sending sync broker message: The pipe is being closed. (0xE8)
[1202/145808.000:ERROR:command_buffer_proxy_impl.cc(92)] ContextResult::kFatalFailure: AllocateAndMapSharedMemory failed
[1202/145808.000:ERROR:broker_win.cc(137)] Error sending sync broker message: The pipe is being closed. (0xE8)
[1202/145808.000:ERROR:command_buffer_proxy_impl.cc(92)] ContextResult::kFatalFailure: AllocateAndMapSharedMemory failed
[1202/145808.000:ERROR:broker_win.cc(137)] Error sending sync broker message: The pipe is being closed. (0xE8)
[1202/145808.000:ERROR:command_buffer_proxy_impl.cc(92)] ContextResult::kFatalFailure: AllocateAndMapSharedMemory failed
[1202/145808.000:ERROR:broker_win.cc(137)] Error sending sync broker message: The pipe is being closed. (0xE8)
[1202/145808.000:ERROR:command_buffer_proxy_impl.cc(92)] ContextResult::kFatalFailure: AllocateAndMapSharedMemory failed
[1202/145808.000:ERROR:broker_win.cc(137)] Error sending sync broker message: The pipe is being closed. (0xE8)
[1202/145808.000:ERROR:command_buffer_proxy_impl.cc(92)] ContextResult::kFatalFailure: AllocateAndMapSharedMemory failed
[1202/145808.000:ERROR:broker_win.cc(137)] Error sending sync broker message: The pipe is being closed. (0xE8)
[1202/145808.000:ERROR:command_buffer_proxy_impl.cc(92)] ContextResult::kFatalFailure: AllocateAndMapSharedMemory failed
[1202/145808.000:ERROR:broker_win.cc(137)] Error sending sync broker message: The pipe is being closed. (0xE8)
[1202/145808.000:ERROR:command_buffer_proxy_impl.cc(92)] ContextResult::kFatalFailure: AllocateAndMapSharedMemory failed
[1202/145808.000:ERROR:broker_win.cc(137)] Error sending sync broker message: The pipe is being closed. (0xE8)
[1202/145808.000:ERROR:command_buffer_proxy_impl.cc(92)] ContextResult::kFatalFailure: AllocateAndMapSharedMemory failed
[1202/145808.000:ERROR:broker_win.cc(137)] Error sending sync broker message: The pipe is being closed. (0xE8)
[1202/145808.000:ERROR:command_buffer_proxy_impl.cc(92)] ContextResult::kFatalFailure: AllocateAndMapSharedMemory failed
[1202/145808.000:ERROR:broker_win.cc(137)] Error sending sync broker message: The pipe is being closed. (0xE8)
[1202/145808.000:ERROR:command_buffer_proxy_impl.cc(92)] ContextResult::kFatalFailure: AllocateAndMapSharedMemory failed
[1202/145808.000:ERROR:broker_win.cc(137)] Error sending sync broker message: The pipe is being closed. (0xE8)
[1202/145808.000:ERROR:command_buffer_proxy_impl.cc(92)] ContextResult::kFatalFailure: AllocateAndMapSharedMemory failed
[1202/145808.000:ERROR:broker_win.cc(55)] Error reading broker pipe: The pipe has been ended. (0x6D)
[1202/145808.000:ERROR:broker_win.cc(137)] Error sending sync broker message: The pipe is being closed. (0xE8)
[1202/145808.000:ERROR:command_buffer_proxy_impl.cc(92)] ContextResult::kFatalFailure: AllocateAndMapSharedMemory failed
[1202/145808.000:ERROR:broker_win.cc(137)] Error sending sync broker message: The pipe is being closed. (0xE8)
[1202/145808.000:ERROR:command_buffer_proxy_impl.cc(92)] ContextResult::kFatalFailure: AllocateAndMapSharedMemory failed
[1202/145808.016:ERROR:broker_win.cc(137)] Error sending sync broker message: The pipe is being closed. (0xE8)
[1202/145808.016:ERROR:command_buffer_proxy_impl.cc(92)] ContextResult::kFatalFailure: AllocateAndMapSharedMemory failed
[1202/183739.387:WARNING:resource_bundle.cc(357)] locale_file_path.empty() for locale 
[1202/183739.388:ERROR:main_delegate.cc(781)] Could not load locale pak for en-US
[1202/183739.424:WARNING:resource_bundle.cc(933)] locale resources are not loaded
[1202/183739.425:WARNING:resource_bundle.cc(933)] locale resources are not loaded
[1202/183739.425:WARNING:resource_bundle.cc(933)] locale resources are not loaded
[1202/183739.425:WARNING:resource_bundle.cc(933)] locale resources are not loaded
[1202/183739.425:WARNING:resource_bundle.cc(933)] locale resources are not loaded
[1202/183739.425:WARNING:resource_bundle.cc(933)] locale resources are not loaded
[1202/183739.425:WARNING:resource_bundle.cc(933)] locale resources are not loaded
[1202/183739.425:WARNING:resource_bundle.cc(933)] locale resources are not loaded
[1202/183739.425:WARNING:resource_bundle.cc(933)] locale resources are not loaded
[1202/183739.425:WARNING:resource_bundle.cc(933)] locale resources are not loaded
[1202/183739.425:WARNING:resource_bundle.cc(933)] locale resources are not loaded
[1202/183739.425:WARNING:resource_bundle.cc(933)] locale resources are not loaded
[1202/183739.425:WARNING:resource_bundle.cc(933)] locale resources are not loaded
[1202/183739.425:WARNING:resource_bundle.cc(933)] locale resources are not loaded
[1202/183739.425:WARNING:resource_bundle.cc(933)] locale resources are not loaded
[1202/183739.425:WARNING:resource_bundle.cc(933)] locale resources are not loaded
[1202/183739.425:WARNING:resource_bundle.cc(933)] locale resources are not loaded
[1202/183739.425:WARNING:resource_bundle.cc(933)] locale resources are not loaded
[1202/183739.425:WARNING:resource_bundle.cc(933)] locale resources are not loaded
[1202/183739.425:WARNING:resource_bundle.cc(933)] locale resources are not loaded
[1202/183739.426:WARNING:resource_bundle.cc(933)] locale resources are not loaded
[1202/183739.426:WARNING:resource_bundle.cc(933)] locale resources are not loaded
[1202/183739.426:WARNING:resource_bundle.cc(933)] locale resources are not loaded
[1202/183739.426:WARNING:resource_bundle.cc(933)] locale resources are not loaded
[1202/183739.426:WARNING:resource_bundle.cc(933)] locale resources are not loaded
[1202/183739.426:WARNING:resource_bundle.cc(933)] locale resources are not loaded
[1202/183739.426:WARNING:resource_bundle.cc(933)] locale resources are not loaded
[1202/183739.426:WARNING:resource_bundle.cc(933)] locale resources are not loaded
[1202/183739.426:WARNING:resource_bundle.cc(933)] locale resources are not loaded
[1202/183739.426:WARNING:resource_bundle.cc(933)] locale resources are not loaded
[1202/183739.426:WARNING:resource_bundle.cc(933)] locale resources are not loaded
[1202/183739.426:WARNING:resource_bundle.cc(933)] locale resources are not loaded
[1202/183739.426:WARNING:resource_bundle.cc(933)] locale resources are not loaded
[1202/183739.426:WARNING:resource_bundle.cc(933)] locale resources are not loaded
[1202/183739.426:WARNING:resource_bundle.cc(933)] locale resources are not loaded
[1202/183739.426:WARNING:resource_bundle.cc(933)] locale resources are not loaded
[1202/183739.426:WARNING:resource_bundle.cc(933)] locale resources are not loaded
[1202/183739.426:WARNING:resource_bundle.cc(933)] locale resources are not loaded
[1202/183739.426:WARNING:resource_bundle.cc(933)] locale resources are not loaded
[1202/183739.426:WARNING:resource_bundle.cc(933)] locale resources are not loaded
[1202/183739.428:WARNING:resource_bundle.cc(933)] locale resources are not loaded
[1202/183739.428:WARNING:resource_bundle.cc(933)] locale resources are not loaded
[1202/183739.428:WARNING:resource_bundle.cc(933)] locale resources are not loaded
[1202/183739.428:WARNING:resource_bundle.cc(933)] locale resources are not loaded
[1202/183739.506:WARNING:resource_bundle.cc(357)] locale_file_path.empty() for locale 
[1202/183739.506:ERROR:main_delegate.cc(781)] Could not load locale pak for en-US
[1202/183754.519:WARNING:resource_bundle.cc(357)] locale_file_path.empty() for locale 
[1202/183754.519:ERROR:main_delegate.cc(781)] Could not load locale pak for en-US
[1204/071325.417:WARNING:resource_bundle.cc(357)] locale_file_path.empty() for locale 
[1204/071325.417:ERROR:main_delegate.cc(781)] Could not load locale pak for en-US
[1204/071325.697:WARNING:resource_bundle.cc(933)] locale resources are not loaded
[1204/071325.697:WARNING:resource_bundle.cc(933)] locale resources are not loaded
[1204/071325.697:WARNING:resource_bundle.cc(933)] locale resources are not loaded
[1204/071325.697:WARNING:resource_bundle.cc(933)] locale resources are not loaded
[1204/071325.697:WARNING:resource_bundle.cc(933)] locale resources are not loaded
[1204/071325.697:WARNING:resource_bundle.cc(933)] locale resources are not loaded
[1204/071325.697:WARNING:resource_bundle.cc(933)] locale resources are not loaded
[1204/071325.697:WARNING:resource_bundle.cc(933)] locale resources are not loaded
[1204/071325.697:WARNING:resource_bundle.cc(933)] locale resources are not loaded
[1204/071325.697:WARNING:resource_bundle.cc(933)] locale resources are not loaded
[1204/071325.697:WARNING:resource_bundle.cc(933)] locale resources are not loaded
[1204/071325.697:WARNING:resource_bundle.cc(933)] locale resources are not loaded
[1204/071325.697:WARNING:resource_bundle.cc(933)] locale resources are not loaded
[1204/071325.697:WARNING:resource_bundle.cc(933)] locale resources are not loaded
[1204/071325.697:WARNING:resource_bundle.cc(933)] locale resources are not loaded
[1204/071325.697:WARNING:resource_bundle.cc(933)] locale resources are not loaded
[1204/071325.697:WARNING:resource_bundle.cc(933)] locale resources are not loaded
[1204/071325.697:WARNING:resource_bundle.cc(933)] locale resources are not loaded
[1204/071325.697:WARNING:resource_bundle.cc(933)] locale resources are not loaded
[1204/071325.697:WARNING:resource_bundle.cc(933)] locale resources are not loaded
[1204/071325.697:WARNING:resource_bundle.cc(933)] locale resources are not loaded
[1204/071325.697:WARNING:resource_bundle.cc(933)] locale resources are not loaded
[1204/071325.697:WARNING:resource_bundle.cc(933)] locale resources are not loaded
[1204/071325.697:WARNING:resource_bundle.cc(933)] locale resources are not loaded
[1204/071325.697:WARNING:resource_bundle.cc(933)] locale resources are not loaded
[1204/071325.697:WARNING:resource_bundle.cc(933)] locale resources are not loaded
[1204/071325.697:WARNING:resource_bundle.cc(933)] locale resources are not loaded
[1204/071325.697:WARNING:resource_bundle.cc(933)] locale resources are not loaded
[1204/071325.697:WARNING:resource_bundle.cc(933)] locale resources are not loaded
[1204/071325.697:WARNING:resource_bundle.cc(933)] locale resources are not loaded
[1204/071325.697:WARNING:resource_bundle.cc(933)] locale resources are not loaded
[1204/071325.697:WARNING:resource_bundle.cc(933)] locale resources are not loaded
[1204/071325.697:WARNING:resource_bundle.cc(933)] locale resources are not loaded
[1204/071325.697:WARNING:resource_bundle.cc(933)] locale resources are not loaded
[1204/071325.697:WARNING:resource_bundle.cc(933)] locale resources are not loaded
[1204/071325.697:WARNING:resource_bundle.cc(933)] locale resources are not loaded
[1204/071325.697:WARNING:resource_bundle.cc(933)] locale resources are not loaded
[1204/071325.697:WARNING:resource_bundle.cc(933)] locale resources are not loaded
[1204/071325.697:WARNING:resource_bundle.cc(933)] locale resources are not loaded
[1204/071325.697:WARNING:resource_bundle.cc(933)] locale resources are not loaded
[1204/071325.697:WARNING:resource_bundle.cc(933)] locale resources are not loaded
[1204/071325.697:WARNING:resource_bundle.cc(933)] locale resources are not loaded
[1204/071325.697:WARNING:resource_bundle.cc(933)] locale resources are not loaded
[1204/071325.697:WARNING:resource_bundle.cc(933)] locale resources are not loaded
[1204/071325.728:WARNING:resource_bundle.cc(357)] locale_file_path.empty() for locale 
[1204/071325.728:ERROR:main_delegate.cc(781)] Could not load locale pak for en-US
[1204/071340.760:WARNING:resource_bundle.cc(357)] locale_file_path.empty() for locale 
[1204/071340.760:ERROR:main_delegate.cc(781)] Could not load locale pak for en-US
