c:\users\ricardo\desktop\basic-intel - copy\basic-intel\debug\simplemcmain1_threaded-vector.obj
c:\users\ricardo\desktop\basic-intel - copy\basic-intel\debug\simplemcmain1.obj
c:\users\ricardo\desktop\basic-intel - copy\basic-intel\debug\simplemcmain1_mkl.obj
c:\users\ricardo\desktop\basic-intel - copy\basic-intel\debug\simplemcmain1_decoupled.obj
c:\users\ricardo\desktop\basic-intel - copy\basic-intel\debug\simplemcmain1_threaded_1.obj
c:\users\ricardo\desktop\basic-intel - copy\basic-intel\debug\simplemcmain1_purevector_1.obj
c:\users\ricardo\desktop\basic-intel - copy\basic-intel\debug\random1.obj
c:\users\ricardo\desktop\basic-intel - copy\basic-intel\debug\simplemcmain1_threaded_3_best.obj
c:\users\ricardo\desktop\basic-intel - copy\basic-intel\debug\simplemcmain1_mixedvector_1.obj
c:\users\ricardo\desktop\basic-intel - copy\basic-intel\debug\simplemcmain1_threaded_2.obj
c:\users\ricardo\desktop\basic-intel - copy\basic-intel\debug\vc140.pdb
c:\users\ricardo\appdata\local\temp\lnk{3e7fe034-ad43-4294-a2e4-7989fac99291}.tmp
c:\users\ricardo\appdata\local\temp\lnk{ceb1abf1-4e92-4c30-b523-98b69a6d0dfc}.tmp
c:\users\ricardo\desktop\basic-intel - copy\debug\basic-intel.exe
c:\users\ricardo\desktop\basic-intel - copy\debug\basic-intel.pdb
c:\users\ricardo\desktop\mkl-omp-vector code\multi-sample-mkl-vector-vtune\basic-intel\debug\random1.obj
c:\users\ricardo\desktop\mkl-omp-vector code\multi-sample-mkl-vector-vtune\basic-intel\debug\simplemcmain1.obj
c:\users\ricardo\desktop\mkl-omp-vector code\multi-sample-mkl-vector-vtune\basic-intel\debug\simplemcmain1_decoupled.obj
c:\users\ricardo\desktop\mkl-omp-vector code\multi-sample-mkl-vector-vtune\basic-intel\debug\simplemcmain1_mixedvector_1.obj
c:\users\ricardo\desktop\mkl-omp-vector code\multi-sample-mkl-vector-vtune\basic-intel\debug\simplemcmain1_mkl.obj
c:\users\ricardo\desktop\mkl-omp-vector code\multi-sample-mkl-vector-vtune\basic-intel\debug\simplemcmain1_purevector_1.obj
c:\users\ricardo\desktop\mkl-omp-vector code\multi-sample-mkl-vector-vtune\basic-intel\debug\simplemcmain1_threaded-vector.obj
c:\users\ricardo\desktop\mkl-omp-vector code\multi-sample-mkl-vector-vtune\basic-intel\debug\simplemcmain1_threaded_1.obj
c:\users\ricardo\desktop\mkl-omp-vector code\multi-sample-mkl-vector-vtune\basic-intel\debug\simplemcmain1_threaded_2.obj
c:\users\ricardo\desktop\mkl-omp-vector code\multi-sample-mkl-vector-vtune\basic-intel\debug\simplemcmain1_threaded_3_best.obj
c:\users\ricardo\desktop\mkl-omp-vector code\multi-sample-mkl-vector-vtune\basic-intel\debug\vc140.pdb
c:\users\ricardo\desktop\mkl-omp-vector code\multi-sample-mkl-vector-vtune\debug\basic-intel.pdb
c:\users\ricardo\desktop\mkl-omp-vector code\multi-sample-mkl-vector-vtune\debug\basic-intel.exe
c:\users\ricardo\desktop\mkl-omp-vector code\multi-sample-mkl-vector-vtune\basic-intel\debug\basic-intel.tlog\icl-mcpcom.12908.read.1.tlog
c:\users\ricardo\desktop\mkl-omp-vector code\multi-sample-mkl-vector-vtune\basic-intel\debug\basic-intel.tlog\icl-mcpcom.12908.write.1.tlog
c:\users\ricardo\desktop\mkl-omp-vector code\multi-sample-mkl-vector-vtune\basic-intel\debug\basic-intel.tlog\icl-mcpcom.14496.read.1.tlog
c:\users\ricardo\desktop\mkl-omp-vector code\multi-sample-mkl-vector-vtune\basic-intel\debug\basic-intel.tlog\icl-mcpcom.14496.write.1.tlog
c:\users\ricardo\desktop\mkl-omp-vector code\multi-sample-mkl-vector-vtune\basic-intel\debug\basic-intel.tlog\icl-mcpcom.15208.read.1.tlog
c:\users\ricardo\desktop\mkl-omp-vector code\multi-sample-mkl-vector-vtune\basic-intel\debug\basic-intel.tlog\icl-mcpcom.15208.write.1.tlog
c:\users\ricardo\desktop\mkl-omp-vector code\multi-sample-mkl-vector-vtune\basic-intel\debug\basic-intel.tlog\icl-mcpcom.8772.read.1.tlog
c:\users\ricardo\desktop\mkl-omp-vector code\multi-sample-mkl-vector-vtune\basic-intel\debug\basic-intel.tlog\icl-mcpcom.8772.write.1.tlog
c:\users\ricardo\desktop\mkl-omp-vector code\multi-sample-mkl-vector-vtune\basic-intel\debug\basic-intel.tlog\icl-mcpcom.read.1.tlog
c:\users\ricardo\desktop\mkl-omp-vector code\multi-sample-mkl-vector-vtune\basic-intel\debug\basic-intel.tlog\icl-mcpcom.write.1.tlog
c:\users\ricardo\desktop\mkl-omp-vector code\multi-sample-mkl-vector-vtune\basic-intel\debug\basic-intel.tlog\icl-mcpcom.write.2.tlog
c:\users\ricardo\desktop\mkl-omp-vector code\multi-sample-mkl-vector-vtune\basic-intel\debug\basic-intel.tlog\icl.command.1.tlog
c:\users\ricardo\desktop\mkl-omp-vector code\multi-sample-mkl-vector-vtune\basic-intel\debug\basic-intel.tlog\icl.read.1.tlog
c:\users\ricardo\desktop\mkl-omp-vector code\multi-sample-mkl-vector-vtune\basic-intel\debug\basic-intel.tlog\icl.write.1.tlog
c:\users\ricardo\desktop\mkl-omp-vector code\multi-sample-mkl-vector-vtune\basic-intel\debug\basic-intel.tlog\xilink-link-cvtres.read.1.tlog
c:\users\ricardo\desktop\mkl-omp-vector code\multi-sample-mkl-vector-vtune\basic-intel\debug\basic-intel.tlog\xilink-link-cvtres.write.1.tlog
c:\users\ricardo\desktop\mkl-omp-vector code\multi-sample-mkl-vector-vtune\basic-intel\debug\basic-intel.tlog\xilink-link-rc.read.1.tlog
c:\users\ricardo\desktop\mkl-omp-vector code\multi-sample-mkl-vector-vtune\basic-intel\debug\basic-intel.tlog\xilink-link-rc.write.1.tlog
c:\users\ricardo\desktop\mkl-omp-vector code\multi-sample-mkl-vector-vtune\basic-intel\debug\basic-intel.tlog\xilink-link.read.1.tlog
c:\users\ricardo\desktop\mkl-omp-vector code\multi-sample-mkl-vector-vtune\basic-intel\debug\basic-intel.tlog\xilink-link.read.2.tlog
c:\users\ricardo\desktop\mkl-omp-vector code\multi-sample-mkl-vector-vtune\basic-intel\debug\basic-intel.tlog\xilink-link.write.1.tlog
c:\users\ricardo\desktop\mkl-omp-vector code\multi-sample-mkl-vector-vtune\basic-intel\debug\basic-intel.tlog\xilink.command.1.tlog
c:\users\ricardo\desktop\mkl-omp-vector code\multi-sample-mkl-vector-vtune\basic-intel\debug\basic-intel.tlog\xilink.read.1.tlog
c:\users\ricardo\desktop\mkl-omp-vector code\multi-sample-mkl-vector-vtune\basic-intel\debug\basic-intel.tlog\xilink.write.1.tlog
