c:\users\ricardo\desktop\mkl-omp-vector code\bs-montecarlo\bs-montecarlo\temp_9004.0
c:\users\ricardo\desktop\mkl-omp-vector code\bs-montecarlo\bs-montecarlo\outfile-child-of-9004.0
c:\users\ricardo\desktop\mkl-omp-vector code\bs-montecarlo\bs-montecarlo\errfile-child-of-9004.0
c:\users\ricardo\desktop\mkl-omp-vector code\bs-montecarlo\bs-montecarlo\temp_9004.1
c:\users\ricardo\desktop\mkl-omp-vector code\bs-montecarlo\bs-montecarlo\outfile-child-of-9004.1
c:\users\ricardo\desktop\mkl-omp-vector code\bs-montecarlo\bs-montecarlo\errfile-child-of-9004.1
c:\users\ricardo\desktop\mkl-omp-vector code\bs-montecarlo\bs-montecarlo\release\bs_reference.obj
c:\users\ricardo\desktop\mkl-omp-vector code\bs-montecarlo\bs-montecarlo\release\data_gen.obj
c:\users\ricardo\desktop\mkl-omp-vector code\bs-montecarlo\bs-montecarlo\release\mc.obj
c:\users\ricardo\appdata\local\temp\lnk{70858c8a-53d4-422e-9c06-cdc429b6d9c6}.tmp
c:\users\ricardo\desktop\mkl-omp-vector code\bs-montecarlo\release\bs-montecarlo.exe
c:\users\ricardo\desktop\mkl-omp-vector code\bs-montecarlo\release\bs-montecarlo.pdb
c:\users\ricardo\desktop\mkl-omp-vector code\bs-montecarlo\bs-montecarlo\release\bs-montecarlo.tlog\icl-mcpcom.6424.read.1.tlog
c:\users\ricardo\desktop\mkl-omp-vector code\bs-montecarlo\bs-montecarlo\release\bs-montecarlo.tlog\icl-mcpcom.6424.write.1.tlog
c:\users\ricardo\desktop\mkl-omp-vector code\bs-montecarlo\bs-montecarlo\release\bs-montecarlo.tlog\icl-mcpcom.9636.read.1.tlog
c:\users\ricardo\desktop\mkl-omp-vector code\bs-montecarlo\bs-montecarlo\release\bs-montecarlo.tlog\icl-mcpcom.9636.write.1.tlog
c:\users\ricardo\desktop\mkl-omp-vector code\bs-montecarlo\bs-montecarlo\release\bs-montecarlo.tlog\icl-mcpcom.read.1.tlog
c:\users\ricardo\desktop\mkl-omp-vector code\bs-montecarlo\bs-montecarlo\release\bs-montecarlo.tlog\icl-mcpcom.write.1.tlog
c:\users\ricardo\desktop\mkl-omp-vector code\bs-montecarlo\bs-montecarlo\release\bs-montecarlo.tlog\icl-mcpcom.write.2.tlog
c:\users\ricardo\desktop\mkl-omp-vector code\bs-montecarlo\bs-montecarlo\release\bs-montecarlo.tlog\icl.command.1.tlog
c:\users\ricardo\desktop\mkl-omp-vector code\bs-montecarlo\bs-montecarlo\release\bs-montecarlo.tlog\icl.read.1.tlog
c:\users\ricardo\desktop\mkl-omp-vector code\bs-montecarlo\bs-montecarlo\release\bs-montecarlo.tlog\icl.write.1.tlog
c:\users\ricardo\desktop\mkl-omp-vector code\bs-montecarlo\bs-montecarlo\release\bs-montecarlo.tlog\xilink-link-cvtres.read.1.tlog
c:\users\ricardo\desktop\mkl-omp-vector code\bs-montecarlo\bs-montecarlo\release\bs-montecarlo.tlog\xilink-link-cvtres.write.1.tlog
c:\users\ricardo\desktop\mkl-omp-vector code\bs-montecarlo\bs-montecarlo\release\bs-montecarlo.tlog\xilink-link-rc.read.1.tlog
c:\users\ricardo\desktop\mkl-omp-vector code\bs-montecarlo\bs-montecarlo\release\bs-montecarlo.tlog\xilink-link-rc.write.1.tlog
c:\users\ricardo\desktop\mkl-omp-vector code\bs-montecarlo\bs-montecarlo\release\bs-montecarlo.tlog\xilink-link.read.1.tlog
c:\users\ricardo\desktop\mkl-omp-vector code\bs-montecarlo\bs-montecarlo\release\bs-montecarlo.tlog\xilink-link.write.1.tlog
c:\users\ricardo\desktop\mkl-omp-vector code\bs-montecarlo\bs-montecarlo\release\bs-montecarlo.tlog\xilink-mcpcom.read.1.tlog
c:\users\ricardo\desktop\mkl-omp-vector code\bs-montecarlo\bs-montecarlo\release\bs-montecarlo.tlog\xilink-mcpcom.write.1.tlog
c:\users\ricardo\desktop\mkl-omp-vector code\bs-montecarlo\bs-montecarlo\release\bs-montecarlo.tlog\xilink.command.1.tlog
c:\users\ricardo\desktop\mkl-omp-vector code\bs-montecarlo\bs-montecarlo\release\bs-montecarlo.tlog\xilink.read.1.tlog
c:\users\ricardo\desktop\mkl-omp-vector code\bs-montecarlo\bs-montecarlo\release\bs-montecarlo.tlog\xilink.write.1.tlog
