c:\users\ricardo\desktop\basic-intel - copy\basic-intel\x64\debug\simplemcmain1_threaded-vector.obj
c:\users\ricardo\desktop\basic-intel - copy\basic-intel\x64\debug\simplemcmain1.obj
c:\users\ricardo\desktop\basic-intel - copy\basic-intel\x64\debug\simplemcmain1_mixedvector_1.obj
c:\users\ricardo\desktop\basic-intel - copy\basic-intel\x64\debug\simplemcmain1_decoupled.obj
c:\users\ricardo\desktop\basic-intel - copy\basic-intel\x64\debug\simplemcmain1_threaded_1.obj
c:\users\ricardo\desktop\basic-intel - copy\basic-intel\x64\debug\simplemcmain1_threaded_2.obj
c:\users\ricardo\desktop\basic-intel - copy\basic-intel\x64\debug\simplemcmain1_mkl.obj
c:\users\ricardo\desktop\basic-intel - copy\basic-intel\x64\debug\random1.obj
c:\users\ricardo\desktop\basic-intel - copy\basic-intel\x64\debug\simplemcmain1_threaded_3_best.obj
c:\users\ricardo\desktop\basic-intel - copy\basic-intel\x64\debug\simplemcmain1_purevector_1.obj
c:\users\ricardo\desktop\basic-intel - copy\basic-intel\x64\debug\vc140.pdb
c:\users\ricardo\appdata\local\temp\lnk{36123117-83fa-4f3a-bbbd-3ceb6c56188f}.tmp
c:\users\ricardo\appdata\local\temp\lnk{78fbc666-2fb8-4d03-a8a7-54789b5a8e89}.tmp
c:\users\ricardo\desktop\basic-intel - copy\x64\debug\basic-intel.exe
c:\users\ricardo\desktop\basic-intel - copy\x64\debug\basic-intel.pdb
c:\users\ricardo\desktop\mkl-omp-vector code\multi-sample-mkl-vector-vtune\basic-intel\x64\debug\random1.obj
c:\users\ricardo\desktop\mkl-omp-vector code\multi-sample-mkl-vector-vtune\basic-intel\x64\debug\simplemcmain1.obj
c:\users\ricardo\desktop\mkl-omp-vector code\multi-sample-mkl-vector-vtune\basic-intel\x64\debug\simplemcmain1_decoupled.obj
c:\users\ricardo\desktop\mkl-omp-vector code\multi-sample-mkl-vector-vtune\basic-intel\x64\debug\simplemcmain1_mixedvector_1.obj
c:\users\ricardo\desktop\mkl-omp-vector code\multi-sample-mkl-vector-vtune\basic-intel\x64\debug\simplemcmain1_mkl.obj
c:\users\ricardo\desktop\mkl-omp-vector code\multi-sample-mkl-vector-vtune\basic-intel\x64\debug\simplemcmain1_purevector_1.obj
c:\users\ricardo\desktop\mkl-omp-vector code\multi-sample-mkl-vector-vtune\basic-intel\x64\debug\simplemcmain1_threaded-vector.obj
c:\users\ricardo\desktop\mkl-omp-vector code\multi-sample-mkl-vector-vtune\basic-intel\x64\debug\simplemcmain1_threaded_1.obj
c:\users\ricardo\desktop\mkl-omp-vector code\multi-sample-mkl-vector-vtune\basic-intel\x64\debug\simplemcmain1_threaded_2.obj
c:\users\ricardo\desktop\mkl-omp-vector code\multi-sample-mkl-vector-vtune\basic-intel\x64\debug\simplemcmain1_threaded_3_best.obj
c:\users\ricardo\desktop\mkl-omp-vector code\multi-sample-mkl-vector-vtune\basic-intel\x64\debug\vc140.pdb
c:\users\ricardo\desktop\mkl-omp-vector code\multi-sample-mkl-vector-vtune\x64\debug\basic-intel.pdb
c:\users\ricardo\desktop\mkl-omp-vector code\multi-sample-mkl-vector-vtune\x64\debug\basic-intel.exe
c:\users\ricardo\desktop\mkl-omp-vector code\multi-sample-mkl-vector-vtune\basic-intel\x64\debug\basic-intel.tlog\icl-mcpcom.13212.read.1.tlog
c:\users\ricardo\desktop\mkl-omp-vector code\multi-sample-mkl-vector-vtune\basic-intel\x64\debug\basic-intel.tlog\icl-mcpcom.13212.write.1.tlog
c:\users\ricardo\desktop\mkl-omp-vector code\multi-sample-mkl-vector-vtune\basic-intel\x64\debug\basic-intel.tlog\icl-mcpcom.15192.read.1.tlog
c:\users\ricardo\desktop\mkl-omp-vector code\multi-sample-mkl-vector-vtune\basic-intel\x64\debug\basic-intel.tlog\icl-mcpcom.15192.write.1.tlog
c:\users\ricardo\desktop\mkl-omp-vector code\multi-sample-mkl-vector-vtune\basic-intel\x64\debug\basic-intel.tlog\icl-mcpcom.15664.read.1.tlog
c:\users\ricardo\desktop\mkl-omp-vector code\multi-sample-mkl-vector-vtune\basic-intel\x64\debug\basic-intel.tlog\icl-mcpcom.15664.write.1.tlog
c:\users\ricardo\desktop\mkl-omp-vector code\multi-sample-mkl-vector-vtune\basic-intel\x64\debug\basic-intel.tlog\icl-mcpcom.4816.read.1.tlog
c:\users\ricardo\desktop\mkl-omp-vector code\multi-sample-mkl-vector-vtune\basic-intel\x64\debug\basic-intel.tlog\icl-mcpcom.4816.write.1.tlog
c:\users\ricardo\desktop\mkl-omp-vector code\multi-sample-mkl-vector-vtune\basic-intel\x64\debug\basic-intel.tlog\icl-mcpcom.read.1.tlog
c:\users\ricardo\desktop\mkl-omp-vector code\multi-sample-mkl-vector-vtune\basic-intel\x64\debug\basic-intel.tlog\icl-mcpcom.write.1.tlog
c:\users\ricardo\desktop\mkl-omp-vector code\multi-sample-mkl-vector-vtune\basic-intel\x64\debug\basic-intel.tlog\icl-mcpcom.write.2.tlog
c:\users\ricardo\desktop\mkl-omp-vector code\multi-sample-mkl-vector-vtune\basic-intel\x64\debug\basic-intel.tlog\icl.command.1.tlog
c:\users\ricardo\desktop\mkl-omp-vector code\multi-sample-mkl-vector-vtune\basic-intel\x64\debug\basic-intel.tlog\icl.read.1.tlog
c:\users\ricardo\desktop\mkl-omp-vector code\multi-sample-mkl-vector-vtune\basic-intel\x64\debug\basic-intel.tlog\icl.write.1.tlog
c:\users\ricardo\desktop\mkl-omp-vector code\multi-sample-mkl-vector-vtune\basic-intel\x64\debug\basic-intel.tlog\xilink-link-cvtres.read.1.tlog
c:\users\ricardo\desktop\mkl-omp-vector code\multi-sample-mkl-vector-vtune\basic-intel\x64\debug\basic-intel.tlog\xilink-link-cvtres.write.1.tlog
c:\users\ricardo\desktop\mkl-omp-vector code\multi-sample-mkl-vector-vtune\basic-intel\x64\debug\basic-intel.tlog\xilink-link-rc.read.1.tlog
c:\users\ricardo\desktop\mkl-omp-vector code\multi-sample-mkl-vector-vtune\basic-intel\x64\debug\basic-intel.tlog\xilink-link-rc.write.1.tlog
c:\users\ricardo\desktop\mkl-omp-vector code\multi-sample-mkl-vector-vtune\basic-intel\x64\debug\basic-intel.tlog\xilink-link.read.1.tlog
c:\users\ricardo\desktop\mkl-omp-vector code\multi-sample-mkl-vector-vtune\basic-intel\x64\debug\basic-intel.tlog\xilink-link.read.2.tlog
c:\users\ricardo\desktop\mkl-omp-vector code\multi-sample-mkl-vector-vtune\basic-intel\x64\debug\basic-intel.tlog\xilink-link.write.1.tlog
c:\users\ricardo\desktop\mkl-omp-vector code\multi-sample-mkl-vector-vtune\basic-intel\x64\debug\basic-intel.tlog\xilink.command.1.tlog
c:\users\ricardo\desktop\mkl-omp-vector code\multi-sample-mkl-vector-vtune\basic-intel\x64\debug\basic-intel.tlog\xilink.read.1.tlog
c:\users\ricardo\desktop\mkl-omp-vector code\multi-sample-mkl-vector-vtune\basic-intel\x64\debug\basic-intel.tlog\xilink.write.1.tlog
