c:\users\ricardo\desktop\mkl-omp-vector code\bs-montecarlo\bs-montecarlo\temp_11168.0
c:\users\ricardo\desktop\mkl-omp-vector code\bs-montecarlo\bs-montecarlo\outfile-child-of-11168.0
c:\users\ricardo\desktop\mkl-omp-vector code\bs-montecarlo\bs-montecarlo\errfile-child-of-11168.0
c:\users\ricardo\desktop\mkl-omp-vector code\bs-montecarlo\bs-montecarlo\temp_11168.1
c:\users\ricardo\desktop\mkl-omp-vector code\bs-montecarlo\bs-montecarlo\outfile-child-of-11168.1
c:\users\ricardo\desktop\mkl-omp-vector code\bs-montecarlo\bs-montecarlo\errfile-child-of-11168.1
c:\users\ricardo\desktop\mkl-omp-vector code\bs-montecarlo\bs-montecarlo\x64\release\bs_reference.obj
c:\users\ricardo\desktop\mkl-omp-vector code\bs-montecarlo\bs-montecarlo\x64\release\mc.obj
c:\users\ricardo\desktop\mkl-omp-vector code\bs-montecarlo\bs-montecarlo\x64\release\data_gen.obj
c:\users\ricardo\appdata\local\temp\lnk{4a904909-c674-4fca-88aa-232385d7bab7}.tmp
c:\users\ricardo\desktop\mkl-omp-vector code\bs-montecarlo\x64\release\bs-montecarlo.exe
c:\users\ricardo\desktop\mkl-omp-vector code\bs-montecarlo\x64\release\bs-montecarlo.pdb
c:\users\ricardo\desktop\mkl-omp-vector code\bs-montecarlo\bs-montecarlo\x64\release\bs-montecarlo.tlog\icl-mcpcom.13196.read.1.tlog
c:\users\ricardo\desktop\mkl-omp-vector code\bs-montecarlo\bs-montecarlo\x64\release\bs-montecarlo.tlog\icl-mcpcom.13196.write.1.tlog
c:\users\ricardo\desktop\mkl-omp-vector code\bs-montecarlo\bs-montecarlo\x64\release\bs-montecarlo.tlog\icl-mcpcom.16160.read.1.tlog
c:\users\ricardo\desktop\mkl-omp-vector code\bs-montecarlo\bs-montecarlo\x64\release\bs-montecarlo.tlog\icl-mcpcom.16160.write.1.tlog
c:\users\ricardo\desktop\mkl-omp-vector code\bs-montecarlo\bs-montecarlo\x64\release\bs-montecarlo.tlog\icl-mcpcom.read.1.tlog
c:\users\ricardo\desktop\mkl-omp-vector code\bs-montecarlo\bs-montecarlo\x64\release\bs-montecarlo.tlog\icl-mcpcom.write.1.tlog
c:\users\ricardo\desktop\mkl-omp-vector code\bs-montecarlo\bs-montecarlo\x64\release\bs-montecarlo.tlog\icl-mcpcom.write.2.tlog
c:\users\ricardo\desktop\mkl-omp-vector code\bs-montecarlo\bs-montecarlo\x64\release\bs-montecarlo.tlog\icl.command.1.tlog
c:\users\ricardo\desktop\mkl-omp-vector code\bs-montecarlo\bs-montecarlo\x64\release\bs-montecarlo.tlog\icl.read.1.tlog
c:\users\ricardo\desktop\mkl-omp-vector code\bs-montecarlo\bs-montecarlo\x64\release\bs-montecarlo.tlog\icl.write.1.tlog
c:\users\ricardo\desktop\mkl-omp-vector code\bs-montecarlo\bs-montecarlo\x64\release\bs-montecarlo.tlog\xilink-link-cvtres.read.1.tlog
c:\users\ricardo\desktop\mkl-omp-vector code\bs-montecarlo\bs-montecarlo\x64\release\bs-montecarlo.tlog\xilink-link-cvtres.write.1.tlog
c:\users\ricardo\desktop\mkl-omp-vector code\bs-montecarlo\bs-montecarlo\x64\release\bs-montecarlo.tlog\xilink-link-rc.read.1.tlog
c:\users\ricardo\desktop\mkl-omp-vector code\bs-montecarlo\bs-montecarlo\x64\release\bs-montecarlo.tlog\xilink-link-rc.write.1.tlog
c:\users\ricardo\desktop\mkl-omp-vector code\bs-montecarlo\bs-montecarlo\x64\release\bs-montecarlo.tlog\xilink-link.read.1.tlog
c:\users\ricardo\desktop\mkl-omp-vector code\bs-montecarlo\bs-montecarlo\x64\release\bs-montecarlo.tlog\xilink-link.write.1.tlog
c:\users\ricardo\desktop\mkl-omp-vector code\bs-montecarlo\bs-montecarlo\x64\release\bs-montecarlo.tlog\xilink-mcpcom.read.1.tlog
c:\users\ricardo\desktop\mkl-omp-vector code\bs-montecarlo\bs-montecarlo\x64\release\bs-montecarlo.tlog\xilink-mcpcom.write.1.tlog
c:\users\ricardo\desktop\mkl-omp-vector code\bs-montecarlo\bs-montecarlo\x64\release\bs-montecarlo.tlog\xilink.command.1.tlog
c:\users\ricardo\desktop\mkl-omp-vector code\bs-montecarlo\bs-montecarlo\x64\release\bs-montecarlo.tlog\xilink.read.1.tlog
c:\users\ricardo\desktop\mkl-omp-vector code\bs-montecarlo\bs-montecarlo\x64\release\bs-montecarlo.tlog\xilink.write.1.tlog
