c:\users\ricardo\desktop\mkl-omp-vector code\parallel sample\parallelsample\release\lottery6of49.obj
c:\users\ricardo\appdata\local\temp\lnk{3c33679a-3452-4570-b46f-f664fc4f0c5c}.tmp
c:\users\ricardo\desktop\mkl-omp-vector code\parallel sample\release\parallelsample.exe
c:\users\ricardo\desktop\mkl-omp-vector code\parallel sample\release\parallelsample.pdb
c:\users\ricardo\desktop\mkl-omp-vector code\parallel sample\parallelsample\release\parallelsample.tlog\icl-mcpcom.read.1.tlog
c:\users\ricardo\desktop\mkl-omp-vector code\parallel sample\parallelsample\release\parallelsample.tlog\icl-mcpcom.write.1.tlog
c:\users\ricardo\desktop\mkl-omp-vector code\parallel sample\parallelsample\release\parallelsample.tlog\icl.command.1.tlog
c:\users\ricardo\desktop\mkl-omp-vector code\parallel sample\parallelsample\release\parallelsample.tlog\icl.read.1.tlog
c:\users\ricardo\desktop\mkl-omp-vector code\parallel sample\parallelsample\release\parallelsample.tlog\icl.write.1.tlog
c:\users\ricardo\desktop\mkl-omp-vector code\parallel sample\parallelsample\release\parallelsample.tlog\xilink-link-cvtres.read.1.tlog
c:\users\ricardo\desktop\mkl-omp-vector code\parallel sample\parallelsample\release\parallelsample.tlog\xilink-link-cvtres.write.1.tlog
c:\users\ricardo\desktop\mkl-omp-vector code\parallel sample\parallelsample\release\parallelsample.tlog\xilink-link-rc.read.1.tlog
c:\users\ricardo\desktop\mkl-omp-vector code\parallel sample\parallelsample\release\parallelsample.tlog\xilink-link-rc.write.1.tlog
c:\users\ricardo\desktop\mkl-omp-vector code\parallel sample\parallelsample\release\parallelsample.tlog\xilink-link.read.1.tlog
c:\users\ricardo\desktop\mkl-omp-vector code\parallel sample\parallelsample\release\parallelsample.tlog\xilink-link.write.1.tlog
c:\users\ricardo\desktop\mkl-omp-vector code\parallel sample\parallelsample\release\parallelsample.tlog\xilink-mcpcom.read.1.tlog
c:\users\ricardo\desktop\mkl-omp-vector code\parallel sample\parallelsample\release\parallelsample.tlog\xilink-mcpcom.write.1.tlog
c:\users\ricardo\desktop\mkl-omp-vector code\parallel sample\parallelsample\release\parallelsample.tlog\xilink.command.1.tlog
c:\users\ricardo\desktop\mkl-omp-vector code\parallel sample\parallelsample\release\parallelsample.tlog\xilink.read.1.tlog
c:\users\ricardo\desktop\mkl-omp-vector code\parallel sample\parallelsample\release\parallelsample.tlog\xilink.write.1.tlog
