c:\users\ricardo\desktop\mkl-omp-vector code\black-scholes\black-scholes\x64\release\black-scholes.obj
c:\users\ricardo\desktop\mkl-omp-vector code\black-scholes\black-scholes\x64\release\black-scholes_mkl.obj
c:\users\ricardo\desktop\mkl-omp-vector code\black-scholes\black-scholes\x64\release\data_gen.obj
c:\users\ricardo\desktop\mkl-omp-vector code\black-scholes\black-scholes\x64\release\main.obj
c:\users\ricardo\appdata\local\temp\lnk{6dae25c0-6ef5-4bd7-a35c-576a65d2ee37}.tmp
c:\users\ricardo\desktop\mkl-omp-vector code\black-scholes\x64\release\black-scholes.exe
c:\users\ricardo\desktop\mkl-omp-vector code\black-scholes\x64\release\black-scholes.pdb
c:\users\ricardo\desktop\mkl-omp-vector code\black-scholes\black-scholes\x64\release\black-scholes.tlog\icl-mcpcom.read.1.tlog
c:\users\ricardo\desktop\mkl-omp-vector code\black-scholes\black-scholes\x64\release\black-scholes.tlog\icl-mcpcom.write.1.tlog
c:\users\ricardo\desktop\mkl-omp-vector code\black-scholes\black-scholes\x64\release\black-scholes.tlog\icl.command.1.tlog
c:\users\ricardo\desktop\mkl-omp-vector code\black-scholes\black-scholes\x64\release\black-scholes.tlog\icl.read.1.tlog
c:\users\ricardo\desktop\mkl-omp-vector code\black-scholes\black-scholes\x64\release\black-scholes.tlog\icl.write.1.tlog
c:\users\ricardo\desktop\mkl-omp-vector code\black-scholes\black-scholes\x64\release\black-scholes.tlog\xilink-link-cvtres.read.1.tlog
c:\users\ricardo\desktop\mkl-omp-vector code\black-scholes\black-scholes\x64\release\black-scholes.tlog\xilink-link-cvtres.write.1.tlog
c:\users\ricardo\desktop\mkl-omp-vector code\black-scholes\black-scholes\x64\release\black-scholes.tlog\xilink-link-rc.read.1.tlog
c:\users\ricardo\desktop\mkl-omp-vector code\black-scholes\black-scholes\x64\release\black-scholes.tlog\xilink-link-rc.write.1.tlog
c:\users\ricardo\desktop\mkl-omp-vector code\black-scholes\black-scholes\x64\release\black-scholes.tlog\xilink-link.read.1.tlog
c:\users\ricardo\desktop\mkl-omp-vector code\black-scholes\black-scholes\x64\release\black-scholes.tlog\xilink-link.write.1.tlog
c:\users\ricardo\desktop\mkl-omp-vector code\black-scholes\black-scholes\x64\release\black-scholes.tlog\xilink-mcpcom.read.1.tlog
c:\users\ricardo\desktop\mkl-omp-vector code\black-scholes\black-scholes\x64\release\black-scholes.tlog\xilink-mcpcom.write.1.tlog
c:\users\ricardo\desktop\mkl-omp-vector code\black-scholes\black-scholes\x64\release\black-scholes.tlog\xilink.command.1.tlog
c:\users\ricardo\desktop\mkl-omp-vector code\black-scholes\black-scholes\x64\release\black-scholes.tlog\xilink.read.1.tlog
c:\users\ricardo\desktop\mkl-omp-vector code\black-scholes\black-scholes\x64\release\black-scholes.tlog\xilink.write.1.tlog
