c:\users\ricardo\desktop\mkl-omp-vector code\parallel sample\parallelsample\debug\lottery6of49.optrpt
c:\users\ricardo\desktop\mkl-omp-vector code\parallel sample\parallelsample\debug\lottery6of49.obj
c:\users\ricardo\desktop\mkl-omp-vector code\parallel sample\parallelsample\debug\vc140.pdb
c:\users\ricardo\appdata\local\temp\lnk{3c562bde-8350-44e3-8755-c4ec2c809d19}.tmp
c:\users\ricardo\desktop\mkl-omp-vector code\parallel sample\debug\parallelsample.ilk
c:\users\ricardo\desktop\mkl-omp-vector code\parallel sample\debug\parallelsample.exe
c:\users\ricardo\desktop\mkl-omp-vector code\parallel sample\debug\parallelsample.pdb
c:\users\ricardo\desktop\mkl-omp-vector code\parallel sample\parallelsample\debug\parallelsample.tlog\icl-mcpcom.read.1.tlog
c:\users\ricardo\desktop\mkl-omp-vector code\parallel sample\parallelsample\debug\parallelsample.tlog\icl-mcpcom.write.1.tlog
c:\users\ricardo\desktop\mkl-omp-vector code\parallel sample\parallelsample\debug\parallelsample.tlog\icl.command.1.tlog
c:\users\ricardo\desktop\mkl-omp-vector code\parallel sample\parallelsample\debug\parallelsample.tlog\icl.read.1.tlog
c:\users\ricardo\desktop\mkl-omp-vector code\parallel sample\parallelsample\debug\parallelsample.tlog\icl.write.1.tlog
c:\users\ricardo\desktop\mkl-omp-vector code\parallel sample\parallelsample\debug\parallelsample.tlog\xilink-link-cvtres.read.1.tlog
c:\users\ricardo\desktop\mkl-omp-vector code\parallel sample\parallelsample\debug\parallelsample.tlog\xilink-link-cvtres.write.1.tlog
c:\users\ricardo\desktop\mkl-omp-vector code\parallel sample\parallelsample\debug\parallelsample.tlog\xilink-link-rc.read.1.tlog
c:\users\ricardo\desktop\mkl-omp-vector code\parallel sample\parallelsample\debug\parallelsample.tlog\xilink-link-rc.write.1.tlog
c:\users\ricardo\desktop\mkl-omp-vector code\parallel sample\parallelsample\debug\parallelsample.tlog\xilink-link.read.1.tlog
c:\users\ricardo\desktop\mkl-omp-vector code\parallel sample\parallelsample\debug\parallelsample.tlog\xilink-link.read.2.tlog
c:\users\ricardo\desktop\mkl-omp-vector code\parallel sample\parallelsample\debug\parallelsample.tlog\xilink-link.write.1.tlog
c:\users\ricardo\desktop\mkl-omp-vector code\parallel sample\parallelsample\debug\parallelsample.tlog\xilink.command.1.tlog
c:\users\ricardo\desktop\mkl-omp-vector code\parallel sample\parallelsample\debug\parallelsample.tlog\xilink.read.1.tlog
c:\users\ricardo\desktop\mkl-omp-vector code\parallel sample\parallelsample\debug\parallelsample.tlog\xilink.write.1.tlog
