c:\users\ricardo\desktop\simplemontecarlo-omp-2 - b\simplemontecarlo-omp\x64\release\random1.obj
c:\users\ricardo\desktop\simplemontecarlo-omp-2 - b\simplemontecarlo-omp\x64\release\simplemcmain1.obj
c:\users\ricardo\appdata\local\temp\lnk{8d1b4905-1de8-46eb-ab59-e44e2e4d797b}.tmp
c:\users\ricardo\desktop\simplemontecarlo-omp-2 - b\x64\release\simplemontecarlo-omp.exe
c:\users\ricardo\desktop\simplemontecarlo-omp-2 - b\x64\release\simplemontecarlo-omp.pdb
c:\users\ricardo\desktop\simplemontecarlo-omp-2 - b\simplemontecarlo-omp\x64\release\simplemo.924bb8b4.tlog\icl-mcpcom.12824.read.1.tlog
c:\users\ricardo\desktop\simplemontecarlo-omp-2 - b\simplemontecarlo-omp\x64\release\simplemo.924bb8b4.tlog\icl-mcpcom.12824.write.1.tlog
c:\users\ricardo\desktop\simplemontecarlo-omp-2 - b\simplemontecarlo-omp\x64\release\simplemo.924bb8b4.tlog\icl-mcpcom.read.1.tlog
c:\users\ricardo\desktop\simplemontecarlo-omp-2 - b\simplemontecarlo-omp\x64\release\simplemo.924bb8b4.tlog\icl-mcpcom.write.1.tlog
c:\users\ricardo\desktop\simplemontecarlo-omp-2 - b\simplemontecarlo-omp\x64\release\simplemo.924bb8b4.tlog\icl-mcpcom.write.2.tlog
c:\users\ricardo\desktop\simplemontecarlo-omp-2 - b\simplemontecarlo-omp\x64\release\simplemo.924bb8b4.tlog\icl.command.1.tlog
c:\users\ricardo\desktop\simplemontecarlo-omp-2 - b\simplemontecarlo-omp\x64\release\simplemo.924bb8b4.tlog\icl.read.1.tlog
c:\users\ricardo\desktop\simplemontecarlo-omp-2 - b\simplemontecarlo-omp\x64\release\simplemo.924bb8b4.tlog\icl.write.1.tlog
c:\users\ricardo\desktop\simplemontecarlo-omp-2 - b\simplemontecarlo-omp\x64\release\simplemo.924bb8b4.tlog\xilink-link-cvtres.read.1.tlog
c:\users\ricardo\desktop\simplemontecarlo-omp-2 - b\simplemontecarlo-omp\x64\release\simplemo.924bb8b4.tlog\xilink-link-cvtres.write.1.tlog
c:\users\ricardo\desktop\simplemontecarlo-omp-2 - b\simplemontecarlo-omp\x64\release\simplemo.924bb8b4.tlog\xilink-link-rc.read.1.tlog
c:\users\ricardo\desktop\simplemontecarlo-omp-2 - b\simplemontecarlo-omp\x64\release\simplemo.924bb8b4.tlog\xilink-link-rc.write.1.tlog
c:\users\ricardo\desktop\simplemontecarlo-omp-2 - b\simplemontecarlo-omp\x64\release\simplemo.924bb8b4.tlog\xilink-link.read.1.tlog
c:\users\ricardo\desktop\simplemontecarlo-omp-2 - b\simplemontecarlo-omp\x64\release\simplemo.924bb8b4.tlog\xilink-link.write.1.tlog
c:\users\ricardo\desktop\simplemontecarlo-omp-2 - b\simplemontecarlo-omp\x64\release\simplemo.924bb8b4.tlog\xilink-mcpcom.read.1.tlog
c:\users\ricardo\desktop\simplemontecarlo-omp-2 - b\simplemontecarlo-omp\x64\release\simplemo.924bb8b4.tlog\xilink-mcpcom.write.1.tlog
c:\users\ricardo\desktop\simplemontecarlo-omp-2 - b\simplemontecarlo-omp\x64\release\simplemo.924bb8b4.tlog\xilink.command.1.tlog
c:\users\ricardo\desktop\simplemontecarlo-omp-2 - b\simplemontecarlo-omp\x64\release\simplemo.924bb8b4.tlog\xilink.read.1.tlog
c:\users\ricardo\desktop\simplemontecarlo-omp-2 - b\simplemontecarlo-omp\x64\release\simplemo.924bb8b4.tlog\xilink.write.1.tlog
