c:\users\ricardo\desktop\mkl-omp-vector code\bs-montecarlo\bs-montecarlo\temp_7524.0
c:\users\ricardo\desktop\mkl-omp-vector code\bs-montecarlo\bs-montecarlo\outfile-child-of-7524.0
c:\users\ricardo\desktop\mkl-omp-vector code\bs-montecarlo\bs-montecarlo\errfile-child-of-7524.0
c:\users\ricardo\desktop\mkl-omp-vector code\bs-montecarlo\bs-montecarlo\temp_7524.1
c:\users\ricardo\desktop\mkl-omp-vector code\bs-montecarlo\bs-montecarlo\outfile-child-of-7524.1
c:\users\ricardo\desktop\mkl-omp-vector code\bs-montecarlo\bs-montecarlo\errfile-child-of-7524.1
c:\users\ricardo\desktop\mkl-omp-vector code\bs-montecarlo\bs-montecarlo\x64\debug\bs_reference.obj
c:\users\ricardo\desktop\mkl-omp-vector code\bs-montecarlo\bs-montecarlo\x64\debug\mc.obj
c:\users\ricardo\desktop\mkl-omp-vector code\bs-montecarlo\bs-montecarlo\x64\debug\data_gen.obj
c:\users\ricardo\desktop\mkl-omp-vector code\bs-montecarlo\bs-montecarlo\x64\debug\vc140.pdb
c:\users\ricardo\appdata\local\temp\lnk{0c128de7-2ca3-40b4-8356-72fe42673553}.tmp
c:\users\ricardo\desktop\mkl-omp-vector code\bs-montecarlo\x64\debug\bs-montecarlo.ilk
c:\users\ricardo\desktop\mkl-omp-vector code\bs-montecarlo\x64\debug\bs-montecarlo.exe
c:\users\ricardo\desktop\mkl-omp-vector code\bs-montecarlo\x64\debug\bs-montecarlo.pdb
c:\users\ricardo\desktop\mkl-omp-vector code\bs-montecarlo\bs-montecarlo\x64\debug\bs-montecarlo.tlog\icl-mcpcom.3156.read.1.tlog
c:\users\ricardo\desktop\mkl-omp-vector code\bs-montecarlo\bs-montecarlo\x64\debug\bs-montecarlo.tlog\icl-mcpcom.3156.write.1.tlog
c:\users\ricardo\desktop\mkl-omp-vector code\bs-montecarlo\bs-montecarlo\x64\debug\bs-montecarlo.tlog\icl-mcpcom.7924.read.1.tlog
c:\users\ricardo\desktop\mkl-omp-vector code\bs-montecarlo\bs-montecarlo\x64\debug\bs-montecarlo.tlog\icl-mcpcom.7924.write.1.tlog
c:\users\ricardo\desktop\mkl-omp-vector code\bs-montecarlo\bs-montecarlo\x64\debug\bs-montecarlo.tlog\icl-mcpcom.read.1.tlog
c:\users\ricardo\desktop\mkl-omp-vector code\bs-montecarlo\bs-montecarlo\x64\debug\bs-montecarlo.tlog\icl-mcpcom.write.1.tlog
c:\users\ricardo\desktop\mkl-omp-vector code\bs-montecarlo\bs-montecarlo\x64\debug\bs-montecarlo.tlog\icl-mcpcom.write.2.tlog
c:\users\ricardo\desktop\mkl-omp-vector code\bs-montecarlo\bs-montecarlo\x64\debug\bs-montecarlo.tlog\icl.command.1.tlog
c:\users\ricardo\desktop\mkl-omp-vector code\bs-montecarlo\bs-montecarlo\x64\debug\bs-montecarlo.tlog\icl.read.1.tlog
c:\users\ricardo\desktop\mkl-omp-vector code\bs-montecarlo\bs-montecarlo\x64\debug\bs-montecarlo.tlog\icl.write.1.tlog
c:\users\ricardo\desktop\mkl-omp-vector code\bs-montecarlo\bs-montecarlo\x64\debug\bs-montecarlo.tlog\xilink-link-cvtres.read.1.tlog
c:\users\ricardo\desktop\mkl-omp-vector code\bs-montecarlo\bs-montecarlo\x64\debug\bs-montecarlo.tlog\xilink-link-cvtres.write.1.tlog
c:\users\ricardo\desktop\mkl-omp-vector code\bs-montecarlo\bs-montecarlo\x64\debug\bs-montecarlo.tlog\xilink-link-rc.read.1.tlog
c:\users\ricardo\desktop\mkl-omp-vector code\bs-montecarlo\bs-montecarlo\x64\debug\bs-montecarlo.tlog\xilink-link-rc.write.1.tlog
c:\users\ricardo\desktop\mkl-omp-vector code\bs-montecarlo\bs-montecarlo\x64\debug\bs-montecarlo.tlog\xilink-link.read.1.tlog
c:\users\ricardo\desktop\mkl-omp-vector code\bs-montecarlo\bs-montecarlo\x64\debug\bs-montecarlo.tlog\xilink-link.read.2.tlog
c:\users\ricardo\desktop\mkl-omp-vector code\bs-montecarlo\bs-montecarlo\x64\debug\bs-montecarlo.tlog\xilink-link.write.1.tlog
c:\users\ricardo\desktop\mkl-omp-vector code\bs-montecarlo\bs-montecarlo\x64\debug\bs-montecarlo.tlog\xilink.command.1.tlog
c:\users\ricardo\desktop\mkl-omp-vector code\bs-montecarlo\bs-montecarlo\x64\debug\bs-montecarlo.tlog\xilink.read.1.tlog
c:\users\ricardo\desktop\mkl-omp-vector code\bs-montecarlo\bs-montecarlo\x64\debug\bs-montecarlo.tlog\xilink.write.1.tlog
