c:\users\ricardo\desktop\mkl-omp-vector code\bs-montecarlo\bs-montecarlo\debug\bs_reference.obj
c:\users\ricardo\desktop\mkl-omp-vector code\bs-montecarlo\bs-montecarlo\debug\mc.obj
c:\users\ricardo\desktop\mkl-omp-vector code\bs-montecarlo\bs-montecarlo\debug\data_gen.obj
c:\users\ricardo\desktop\mkl-omp-vector code\bs-montecarlo\bs-montecarlo\debug\vc140.pdb
c:\users\ricardo\appdata\local\temp\lnk{df4943f2-c14c-4857-b9a7-a6f97c6d6755}.tmp
c:\users\ricardo\desktop\mkl-omp-vector code\bs-montecarlo\debug\bs-montecarlo.ilk
c:\users\ricardo\desktop\mkl-omp-vector code\bs-montecarlo\debug\bs-montecarlo.exe
c:\users\ricardo\desktop\mkl-omp-vector code\bs-montecarlo\debug\bs-montecarlo.pdb
c:\users\ricardo\desktop\mkl-omp-vector code\bs-montecarlo\bs-montecarlo\debug\bs-montecarlo.tlog\icl-mcpcom.14016.read.1.tlog
c:\users\ricardo\desktop\mkl-omp-vector code\bs-montecarlo\bs-montecarlo\debug\bs-montecarlo.tlog\icl-mcpcom.14016.write.1.tlog
c:\users\ricardo\desktop\mkl-omp-vector code\bs-montecarlo\bs-montecarlo\debug\bs-montecarlo.tlog\icl-mcpcom.9688.read.1.tlog
c:\users\ricardo\desktop\mkl-omp-vector code\bs-montecarlo\bs-montecarlo\debug\bs-montecarlo.tlog\icl-mcpcom.9688.write.1.tlog
c:\users\ricardo\desktop\mkl-omp-vector code\bs-montecarlo\bs-montecarlo\debug\bs-montecarlo.tlog\icl-mcpcom.read.1.tlog
c:\users\ricardo\desktop\mkl-omp-vector code\bs-montecarlo\bs-montecarlo\debug\bs-montecarlo.tlog\icl-mcpcom.write.1.tlog
c:\users\ricardo\desktop\mkl-omp-vector code\bs-montecarlo\bs-montecarlo\debug\bs-montecarlo.tlog\icl-mcpcom.write.2.tlog
c:\users\ricardo\desktop\mkl-omp-vector code\bs-montecarlo\bs-montecarlo\debug\bs-montecarlo.tlog\icl.command.1.tlog
c:\users\ricardo\desktop\mkl-omp-vector code\bs-montecarlo\bs-montecarlo\debug\bs-montecarlo.tlog\icl.read.1.tlog
c:\users\ricardo\desktop\mkl-omp-vector code\bs-montecarlo\bs-montecarlo\debug\bs-montecarlo.tlog\icl.write.1.tlog
c:\users\ricardo\desktop\mkl-omp-vector code\bs-montecarlo\bs-montecarlo\debug\bs-montecarlo.tlog\xilink-link-cvtres.read.1.tlog
c:\users\ricardo\desktop\mkl-omp-vector code\bs-montecarlo\bs-montecarlo\debug\bs-montecarlo.tlog\xilink-link-cvtres.write.1.tlog
c:\users\ricardo\desktop\mkl-omp-vector code\bs-montecarlo\bs-montecarlo\debug\bs-montecarlo.tlog\xilink-link-rc.read.1.tlog
c:\users\ricardo\desktop\mkl-omp-vector code\bs-montecarlo\bs-montecarlo\debug\bs-montecarlo.tlog\xilink-link-rc.write.1.tlog
c:\users\ricardo\desktop\mkl-omp-vector code\bs-montecarlo\bs-montecarlo\debug\bs-montecarlo.tlog\xilink-link.read.1.tlog
c:\users\ricardo\desktop\mkl-omp-vector code\bs-montecarlo\bs-montecarlo\debug\bs-montecarlo.tlog\xilink-link.read.2.tlog
c:\users\ricardo\desktop\mkl-omp-vector code\bs-montecarlo\bs-montecarlo\debug\bs-montecarlo.tlog\xilink-link.write.1.tlog
c:\users\ricardo\desktop\mkl-omp-vector code\bs-montecarlo\bs-montecarlo\debug\bs-montecarlo.tlog\xilink.command.1.tlog
c:\users\ricardo\desktop\mkl-omp-vector code\bs-montecarlo\bs-montecarlo\debug\bs-montecarlo.tlog\xilink.read.1.tlog
c:\users\ricardo\desktop\mkl-omp-vector code\bs-montecarlo\bs-montecarlo\debug\bs-montecarlo.tlog\xilink.write.1.tlog
