c:\users\ricardo\desktop\mkl-omp-vector code\parallel sample\parallelsample\x64\debug\lottery6of49.optrpt
c:\users\ricardo\desktop\mkl-omp-vector code\parallel sample\parallelsample\x64\debug\lottery6of49.obj
c:\users\ricardo\desktop\mkl-omp-vector code\parallel sample\parallelsample\x64\debug\vc140.pdb
c:\users\ricardo\appdata\local\temp\lnk{4fbfc41b-0eb5-43c6-a543-7acc00a232a3}.tmp
c:\users\ricardo\desktop\mkl-omp-vector code\parallel sample\x64\debug\parallelsample.ilk
c:\users\ricardo\desktop\mkl-omp-vector code\parallel sample\x64\debug\parallelsample.exe
c:\users\ricardo\desktop\mkl-omp-vector code\parallel sample\x64\debug\parallelsample.pdb
c:\users\ricardo\desktop\mkl-omp-vector code\parallel sample\parallelsample\x64\debug\parallelsample.tlog\icl-mcpcom.read.1.tlog
c:\users\ricardo\desktop\mkl-omp-vector code\parallel sample\parallelsample\x64\debug\parallelsample.tlog\icl-mcpcom.write.1.tlog
c:\users\ricardo\desktop\mkl-omp-vector code\parallel sample\parallelsample\x64\debug\parallelsample.tlog\icl.command.1.tlog
c:\users\ricardo\desktop\mkl-omp-vector code\parallel sample\parallelsample\x64\debug\parallelsample.tlog\icl.read.1.tlog
c:\users\ricardo\desktop\mkl-omp-vector code\parallel sample\parallelsample\x64\debug\parallelsample.tlog\icl.write.1.tlog
c:\users\ricardo\desktop\mkl-omp-vector code\parallel sample\parallelsample\x64\debug\parallelsample.tlog\xilink-link-cvtres.read.1.tlog
c:\users\ricardo\desktop\mkl-omp-vector code\parallel sample\parallelsample\x64\debug\parallelsample.tlog\xilink-link-cvtres.write.1.tlog
c:\users\ricardo\desktop\mkl-omp-vector code\parallel sample\parallelsample\x64\debug\parallelsample.tlog\xilink-link-rc.read.1.tlog
c:\users\ricardo\desktop\mkl-omp-vector code\parallel sample\parallelsample\x64\debug\parallelsample.tlog\xilink-link-rc.write.1.tlog
c:\users\ricardo\desktop\mkl-omp-vector code\parallel sample\parallelsample\x64\debug\parallelsample.tlog\xilink-link.read.1.tlog
c:\users\ricardo\desktop\mkl-omp-vector code\parallel sample\parallelsample\x64\debug\parallelsample.tlog\xilink-link.read.2.tlog
c:\users\ricardo\desktop\mkl-omp-vector code\parallel sample\parallelsample\x64\debug\parallelsample.tlog\xilink-link.write.1.tlog
c:\users\ricardo\desktop\mkl-omp-vector code\parallel sample\parallelsample\x64\debug\parallelsample.tlog\xilink.command.1.tlog
c:\users\ricardo\desktop\mkl-omp-vector code\parallel sample\parallelsample\x64\debug\parallelsample.tlog\xilink.read.1.tlog
c:\users\ricardo\desktop\mkl-omp-vector code\parallel sample\parallelsample\x64\debug\parallelsample.tlog\xilink.write.1.tlog
